nohup: ignoring input
input in flex scanner failed
 Copyright (C) 1995-2019 - All Rights Reserved
 University Corporation for Atmospheric Research
 NCAR Command Language Version 6.6.2
 The use of this software is governed by a License Agreement.
 See http://www.ncl.ucar.edu/ for more details.

Variable: wxcre0300
Type: float
Total Size: 1714176 bytes
            428544 values
Number of Dimensions: 3
Dimensions and sizes:	[time | 31] x [lat | 96] x [lon | 144]
Coordinates: 
            time: [   2..  32]
            lat: [ -90..  90]
            lon: [   0..357.5]
Number Of Attributes: 4
  Sampling_Sequence :	rad_lwsw
  units :	W/m2
  long_name :	Upwelling longwave flux at top of model
  cell_methods :	time: mean

Variable: wxcre0300
Type: float
Total Size: 1714176 bytes
            428544 values
Number of Dimensions: 3
Dimensions and sizes:	[time | 31] x [lat | 96] x [lon | 144]
Coordinates: 
            time: [   2..  32]
            lat: [ -90..  90]
            lon: [   0..357.5]
Number Of Attributes: 4
  Sampling_Sequence :	rad_lwsw
  units :	W/m2
  long_name :	Upwelling longwave flux at top of model
  cell_methods :	time: mean


Variable: datestr
Type: integer
Total Size: 124 bytes
            31 values
Number of Dimensions: 1
Dimensions and sizes:	[31]
Coordinates: 
Number Of Attributes: 1
  calendar :	gregorian
(0)	20110101
(1)	20110102
(2)	20110103
(3)	20110104
(4)	20110105
(5)	20110106
(6)	20110107
(7)	20110108
(8)	20110109
(9)	20110110
(10)	20110111
(11)	20110112
(12)	20110113
(13)	20110114
(14)	20110115
(15)	20110116
(16)	20110117
(17)	20110118
(18)	20110119
(19)	20110120
(20)	20110121
(21)	20110122
(22)	20110123
(23)	20110124
(24)	20110125
(25)	20110126
(26)	20110127
(27)	20110128
(28)	20110129
(29)	20110130
(30)	20110131

Variable: obsdat
Type: float
Total Size: 1714176 bytes
            428544 values
Number of Dimensions: 3
Dimensions and sizes:	[time | 31] x [lat | 96] x [lon | 144]
Coordinates: 
            time: [77065..77095]
            lat: [ -90..  90]
            lon: [   0..357.5]
Number Of Attributes: 13
  cell_measures :	area: area
  actual_range :	( 78.87619, 392.5756 )
  dataset :	NOAA Daily OLR TCDR (PSD)
  missing_value :	-9.99e+08
  parent_stat :	Individual Obs
  level_desc :	TOA
  statistic :	Mean
  var_desc :	Outgoing Longwave Radiation
  valid_range :	(   50,  500 )
  units :	W m-2
  standard_name :	toa_outgoing_longwave_flux
  long_name :	outgoing longwave radiation
  _FillValue :	-9.99e+08

Variable: pxcre0300
Type: float
Total Size: 1714176 bytes
            428544 values
Number of Dimensions: 3
Dimensions and sizes:	[time | 31] x [lat | 96] x [lon | 144]
Coordinates: 
            time: [   2..  32]
            lat: [ -90..  90]
            lon: [   0..357.5]
Number Of Attributes: 4
  cell_methods :	time: mean
  long_name :	Upwelling longwave flux at top of model
  units :	W/m2
  Sampling_Sequence :	rad_lwsw

Variable: wxcre0300
Type: float
Total Size: 1714176 bytes
            428544 values
Number of Dimensions: 3
Dimensions and sizes:	[time | 31] x [lat | 96] x [lon | 144]
Coordinates: 
            time: [   2..  32]
            lat: [ -90..  90]
            lon: [   0..357.5]
Number Of Attributes: 4
  Sampling_Sequence :	rad_lwsw
  units :	W/m2
  long_name :	Upwelling longwave flux at top of model
  cell_methods :	time: mean

Variable: obsdat
Type: float
Total Size: 1714176 bytes
            428544 values
Number of Dimensions: 3
Dimensions and sizes:	[time | 31] x [lat | 96] x [lon | 144]
Coordinates: 
            time: [77065..77095]
            lat: [ -90..  90]
            lon: [   0..357.5]
Number Of Attributes: 13
  cell_measures :	area: area
  actual_range :	( 78.87619, 392.5756 )
  dataset :	NOAA Daily OLR TCDR (PSD)
  missing_value :	-9.99e+08
  parent_stat :	Individual Obs
  level_desc :	TOA
  statistic :	Mean
  var_desc :	Outgoing Longwave Radiation
  valid_range :	(   50,  500 )
  units :	W m-2
  standard_name :	toa_outgoing_longwave_flux
  long_name :	outgoing longwave radiation
  _FillValue :	-9.99e+08

Variable: encorr
Type: float
Total Size: 4 bytes
            1 values
Number of Dimensions: 1
Dimensions and sizes:	[1]
Coordinates: 
Number Of Attributes: 1
  long_name :	pattern correlation (centered)

Variable: Ptimes
Type: double
Total Size: 248 bytes
            31 values
Number of Dimensions: 1
Dimensions and sizes:	[31]
Coordinates: 
Number Of Attributes: 2
  units :	days since 2011-01-01 00:00
  calendar :	gregorian

Variable: wncreplt
Type: float
Total Size: 124 bytes
            31 values
Number of Dimensions: 1
Dimensions and sizes:	[time | 31]
Coordinates: 
            time: [   0..  30]
Number Of Attributes: 5
  average_op_ncl :	dim_avg_n over dimension(s): lon
  cell_methods :	time: mean
  long_name :	Upwelling longwave flux at top of model
  units :	W/m2
  Sampling_Sequence :	rad_lwsw

Variable: wxcre0300
Type: float
Total Size: 34283520 bytes
            8570880 values
Number of Dimensions: 4
Dimensions and sizes:	[ncl_join | 20] x [time | 31] x [lat | 96] x [lon | 144]
Coordinates: 
            time: [   2..  32]
            lat: [ -90..  90]
            lon: [   0..357.5]
Number Of Attributes: 4
  Sampling_Sequence :	rad_lwsw
  units :	W/m2
  long_name :	Upwelling longwave flux at top of model
  cell_methods :	time: mean

Variable: wxcre0300
Type: float
Total Size: 34283520 bytes
            8570880 values
Number of Dimensions: 4
Dimensions and sizes:	[ncl_join | 20] x [time | 31] x [lat | 96] x [lon | 144]
Coordinates: 
            time: [   2..  32]
            lat: [ -90..  90]
            lon: [   0..357.5]
Number Of Attributes: 4
  Sampling_Sequence :	rad_lwsw
  units :	W/m2
  long_name :	Upwelling longwave flux at top of model
  cell_methods :	time: mean


Variable: datestr
Type: integer
Total Size: 124 bytes
            31 values
Number of Dimensions: 1
Dimensions and sizes:	[31]
Coordinates: 
Number Of Attributes: 1
  calendar :	gregorian
(0)	20110101
(1)	20110102
(2)	20110103
(3)	20110104
(4)	20110105
(5)	20110106
(6)	20110107
(7)	20110108
(8)	20110109
(9)	20110110
(10)	20110111
(11)	20110112
(12)	20110113
(13)	20110114
(14)	20110115
(15)	20110116
(16)	20110117
(17)	20110118
(18)	20110119
(19)	20110120
(20)	20110121
(21)	20110122
(22)	20110123
(23)	20110124
(24)	20110125
(25)	20110126
(26)	20110127
(27)	20110128
(28)	20110129
(29)	20110130
(30)	20110131

Variable: obsdat
Type: float
Total Size: 1714176 bytes
            428544 values
Number of Dimensions: 3
Dimensions and sizes:	[time | 31] x [lat | 96] x [lon | 144]
Coordinates: 
            time: [77065..77095]
            lat: [ -90..  90]
            lon: [   0..357.5]
Number Of Attributes: 13
  cell_measures :	area: area
  actual_range :	( 78.87619, 392.5756 )
  dataset :	NOAA Daily OLR TCDR (PSD)
  missing_value :	-9.99e+08
  parent_stat :	Individual Obs
  level_desc :	TOA
  statistic :	Mean
  var_desc :	Outgoing Longwave Radiation
  valid_range :	(   50,  500 )
  units :	W m-2
  standard_name :	toa_outgoing_longwave_flux
  long_name :	outgoing longwave radiation
  _FillValue :	-9.99e+08

Variable: pxcre0300
Type: float
Total Size: 34283520 bytes
            8570880 values
Number of Dimensions: 4
Dimensions and sizes:	[ncl_join | 20] x [time | 31] x [lat | 96] x [lon | 144]
Coordinates: 
            time: [   2..  32]
            lat: [ -90..  90]
            lon: [   0..357.5]
Number Of Attributes: 4
  cell_methods :	time: mean
  long_name :	Upwelling longwave flux at top of model
  units :	W/m2
  Sampling_Sequence :	rad_lwsw

Variable: wxcre0300
Type: float
Total Size: 34283520 bytes
            8570880 values
Number of Dimensions: 4
Dimensions and sizes:	[ncl_join | 20] x [time | 31] x [lat | 96] x [lon | 144]
Coordinates: 
            time: [   2..  32]
            lat: [ -90..  90]
            lon: [   0..357.5]
Number Of Attributes: 4
  Sampling_Sequence :	rad_lwsw
  units :	W/m2
  long_name :	Upwelling longwave flux at top of model
  cell_methods :	time: mean

Variable: obsdat
Type: float
Total Size: 1714176 bytes
            428544 values
Number of Dimensions: 3
Dimensions and sizes:	[time | 31] x [lat | 96] x [lon | 144]
Coordinates: 
            time: [77065..77095]
            lat: [ -90..  90]
            lon: [   0..357.5]
Number Of Attributes: 13
  cell_measures :	area: area
  actual_range :	( 78.87619, 392.5756 )
  dataset :	NOAA Daily OLR TCDR (PSD)
  missing_value :	-9.99e+08
  parent_stat :	Individual Obs
  level_desc :	TOA
  statistic :	Mean
  var_desc :	Outgoing Longwave Radiation
  valid_range :	(   50,  500 )
  units :	W m-2
  standard_name :	toa_outgoing_longwave_flux
  long_name :	outgoing longwave radiation
  _FillValue :	-9.99e+08

Variable: encorr
Type: float
Total Size: 80 bytes
            20 values
Number of Dimensions: 1
Dimensions and sizes:	[ncl_join | 20]
Coordinates: 
Number Of Attributes: 1
  long_name :	pattern correlation (centered)

Variable: Ptimes
Type: double
Total Size: 248 bytes
            31 values
Number of Dimensions: 1
Dimensions and sizes:	[31]
Coordinates: 
Number Of Attributes: 2
  calendar :	gregorian
  units :	days since 2011-01-01 00:00

Variable: wncreplt
Type: float
Total Size: 124 bytes
            31 values
Number of Dimensions: 1
Dimensions and sizes:	[time | 31]
Coordinates: 
            time: [   0..  30]
Number Of Attributes: 5
  Sampling_Sequence :	rad_lwsw
  units :	W/m2
  long_name :	Upwelling longwave flux at top of model
  cell_methods :	time: mean
  average_op_ncl :	dim_avg_n over dimension(s): lon

Variable: wxcre0300
Type: float
Total Size: 1714176 bytes
            428544 values
Number of Dimensions: 3
Dimensions and sizes:	[time | 31] x [lat | 96] x [lon | 144]
Coordinates: 
            time: [   2..  32]
            lat: [ -90..  90]
            lon: [   0..357.5]
Number Of Attributes: 4
  Sampling_Sequence :	rad_lwsw
  units :	W/m2
  long_name :	Upwelling longwave flux at top of model
  cell_methods :	time: mean

Variable: wxcre0300
Type: float
Total Size: 1714176 bytes
            428544 values
Number of Dimensions: 3
Dimensions and sizes:	[time | 31] x [lat | 96] x [lon | 144]
Coordinates: 
            time: [   2..  32]
            lat: [ -90..  90]
            lon: [   0..357.5]
Number Of Attributes: 4
  Sampling_Sequence :	rad_lwsw
  units :	W/m2
  long_name :	Upwelling longwave flux at top of model
  cell_methods :	time: mean


Variable: datestr
Type: integer
Total Size: 124 bytes
            31 values
Number of Dimensions: 1
Dimensions and sizes:	[31]
Coordinates: 
Number Of Attributes: 1
  calendar :	gregorian
(0)	20110101
(1)	20110102
(2)	20110103
(3)	20110104
(4)	20110105
(5)	20110106
(6)	20110107
(7)	20110108
(8)	20110109
(9)	20110110
(10)	20110111
(11)	20110112
(12)	20110113
(13)	20110114
(14)	20110115
(15)	20110116
(16)	20110117
(17)	20110118
(18)	20110119
(19)	20110120
(20)	20110121
(21)	20110122
(22)	20110123
(23)	20110124
(24)	20110125
(25)	20110126
(26)	20110127
(27)	20110128
(28)	20110129
(29)	20110130
(30)	20110131

Variable: obsdat
Type: float
Total Size: 1714176 bytes
            428544 values
Number of Dimensions: 3
Dimensions and sizes:	[time | 31] x [lat | 96] x [lon | 144]
Coordinates: 
            time: [77065..77095]
            lat: [ -90..  90]
            lon: [   0..357.5]
Number Of Attributes: 13
  cell_measures :	area: area
  actual_range :	( 78.87619, 392.5756 )
  dataset :	NOAA Daily OLR TCDR (PSD)
  missing_value :	-9.99e+08
  parent_stat :	Individual Obs
  level_desc :	TOA
  statistic :	Mean
  var_desc :	Outgoing Longwave Radiation
  valid_range :	(   50,  500 )
  units :	W m-2
  standard_name :	toa_outgoing_longwave_flux
  long_name :	outgoing longwave radiation
  _FillValue :	-9.99e+08

Variable: pxcre0300
Type: float
Total Size: 1714176 bytes
            428544 values
Number of Dimensions: 3
Dimensions and sizes:	[time | 31] x [lat | 96] x [lon | 144]
Coordinates: 
            time: [   2..  32]
            lat: [ -90..  90]
            lon: [   0..357.5]
Number Of Attributes: 4
  cell_methods :	time: mean
  long_name :	Upwelling longwave flux at top of model
  units :	W/m2
  Sampling_Sequence :	rad_lwsw

Variable: wxcre0300
Type: float
Total Size: 1714176 bytes
            428544 values
Number of Dimensions: 3
Dimensions and sizes:	[time | 31] x [lat | 96] x [lon | 144]
Coordinates: 
            time: [   2..  32]
            lat: [ -90..  90]
            lon: [   0..357.5]
Number Of Attributes: 4
  Sampling_Sequence :	rad_lwsw
  units :	W/m2
  long_name :	Upwelling longwave flux at top of model
  cell_methods :	time: mean

Variable: obsdat
Type: float
Total Size: 1714176 bytes
            428544 values
Number of Dimensions: 3
Dimensions and sizes:	[time | 31] x [lat | 96] x [lon | 144]
Coordinates: 
            time: [77065..77095]
            lat: [ -90..  90]
            lon: [   0..357.5]
Number Of Attributes: 13
  cell_measures :	area: area
  actual_range :	( 78.87619, 392.5756 )
  dataset :	NOAA Daily OLR TCDR (PSD)
  missing_value :	-9.99e+08
  parent_stat :	Individual Obs
  level_desc :	TOA
  statistic :	Mean
  var_desc :	Outgoing Longwave Radiation
  valid_range :	(   50,  500 )
  units :	W m-2
  standard_name :	toa_outgoing_longwave_flux
  long_name :	outgoing longwave radiation
  _FillValue :	-9.99e+08

Variable: encorr
Type: float
Total Size: 4 bytes
            1 values
Number of Dimensions: 1
Dimensions and sizes:	[1]
Coordinates: 
Number Of Attributes: 1
  long_name :	pattern correlation (centered)

Variable: Ptimes
Type: double
Total Size: 248 bytes
            31 values
Number of Dimensions: 1
Dimensions and sizes:	[31]
Coordinates: 
Number Of Attributes: 2
  calendar :	gregorian
  units :	days since 2011-01-01 00:00

Variable: wncreplt
Type: float
Total Size: 124 bytes
            31 values
Number of Dimensions: 1
Dimensions and sizes:	[time | 31]
Coordinates: 
            time: [   0..  30]
Number Of Attributes: 5
  average_op_ncl :	dim_avg_n over dimension(s): lon
  cell_methods :	time: mean
  long_name :	Upwelling longwave flux at top of model
  units :	W/m2
  Sampling_Sequence :	rad_lwsw

Variable: wxcre0300
Type: float
Total Size: 34283520 bytes
            8570880 values
Number of Dimensions: 4
Dimensions and sizes:	[ncl_join | 20] x [time | 31] x [lat | 96] x [lon | 144]
Coordinates: 
            time: [   2..  32]
            lat: [ -90..  90]
            lon: [   0..357.5]
Number Of Attributes: 4
  Sampling_Sequence :	rad_lwsw
  units :	W/m2
  long_name :	Upwelling longwave flux at top of model
  cell_methods :	time: mean

Variable: wxcre0300
Type: float
Total Size: 34283520 bytes
            8570880 values
Number of Dimensions: 4
Dimensions and sizes:	[ncl_join | 20] x [time | 31] x [lat | 96] x [lon | 144]
Coordinates: 
            time: [   2..  32]
            lat: [ -90..  90]
            lon: [   0..357.5]
Number Of Attributes: 4
  Sampling_Sequence :	rad_lwsw
  units :	W/m2
  long_name :	Upwelling longwave flux at top of model
  cell_methods :	time: mean


Variable: datestr
Type: integer
Total Size: 124 bytes
            31 values
Number of Dimensions: 1
Dimensions and sizes:	[31]
Coordinates: 
Number Of Attributes: 1
  calendar :	gregorian
(0)	20110101
(1)	20110102
(2)	20110103
(3)	20110104
(4)	20110105
(5)	20110106
(6)	20110107
(7)	20110108
(8)	20110109
(9)	20110110
(10)	20110111
(11)	20110112
(12)	20110113
(13)	20110114
(14)	20110115
(15)	20110116
(16)	20110117
(17)	20110118
(18)	20110119
(19)	20110120
(20)	20110121
(21)	20110122
(22)	20110123
(23)	20110124
(24)	20110125
(25)	20110126
(26)	20110127
(27)	20110128
(28)	20110129
(29)	20110130
(30)	20110131

Variable: obsdat
Type: float
Total Size: 1714176 bytes
            428544 values
Number of Dimensions: 3
Dimensions and sizes:	[time | 31] x [lat | 96] x [lon | 144]
Coordinates: 
            time: [77065..77095]
            lat: [ -90..  90]
            lon: [   0..357.5]
Number Of Attributes: 13
  cell_measures :	area: area
  actual_range :	( 78.87619, 392.5756 )
  dataset :	NOAA Daily OLR TCDR (PSD)
  missing_value :	-9.99e+08
  parent_stat :	Individual Obs
  level_desc :	TOA
  statistic :	Mean
  var_desc :	Outgoing Longwave Radiation
  valid_range :	(   50,  500 )
  units :	W m-2
  standard_name :	toa_outgoing_longwave_flux
  long_name :	outgoing longwave radiation
  _FillValue :	-9.99e+08

Variable: pxcre0300
Type: float
Total Size: 34283520 bytes
            8570880 values
Number of Dimensions: 4
Dimensions and sizes:	[ncl_join | 20] x [time | 31] x [lat | 96] x [lon | 144]
Coordinates: 
            time: [   2..  32]
            lat: [ -90..  90]
            lon: [   0..357.5]
Number Of Attributes: 4
  cell_methods :	time: mean
  long_name :	Upwelling longwave flux at top of model
  units :	W/m2
  Sampling_Sequence :	rad_lwsw

Variable: wxcre0300
Type: float
Total Size: 34283520 bytes
            8570880 values
Number of Dimensions: 4
Dimensions and sizes:	[ncl_join | 20] x [time | 31] x [lat | 96] x [lon | 144]
Coordinates: 
            time: [   2..  32]
            lat: [ -90..  90]
            lon: [   0..357.5]
Number Of Attributes: 4
  Sampling_Sequence :	rad_lwsw
  units :	W/m2
  long_name :	Upwelling longwave flux at top of model
  cell_methods :	time: mean

Variable: obsdat
Type: float
Total Size: 1714176 bytes
            428544 values
Number of Dimensions: 3
Dimensions and sizes:	[time | 31] x [lat | 96] x [lon | 144]
Coordinates: 
            time: [77065..77095]
            lat: [ -90..  90]
            lon: [   0..357.5]
Number Of Attributes: 13
  cell_measures :	area: area
  actual_range :	( 78.87619, 392.5756 )
  dataset :	NOAA Daily OLR TCDR (PSD)
  missing_value :	-9.99e+08
  parent_stat :	Individual Obs
  level_desc :	TOA
  statistic :	Mean
  var_desc :	Outgoing Longwave Radiation
  valid_range :	(   50,  500 )
  units :	W m-2
  standard_name :	toa_outgoing_longwave_flux
  long_name :	outgoing longwave radiation
  _FillValue :	-9.99e+08

Variable: encorr
Type: float
Total Size: 80 bytes
            20 values
Number of Dimensions: 1
Dimensions and sizes:	[ncl_join | 20]
Coordinates: 
Number Of Attributes: 1
  long_name :	pattern correlation (centered)

Variable: Ptimes
Type: double
Total Size: 248 bytes
            31 values
Number of Dimensions: 1
Dimensions and sizes:	[31]
Coordinates: 
Number Of Attributes: 2
  calendar :	gregorian
  units :	days since 2011-01-01 00:00

Variable: wncreplt
Type: float
Total Size: 124 bytes
            31 values
Number of Dimensions: 1
Dimensions and sizes:	[time | 31]
Coordinates: 
            time: [   0..  30]
Number Of Attributes: 5
  Sampling_Sequence :	rad_lwsw
  units :	W/m2
  long_name :	Upwelling longwave flux at top of model
  cell_methods :	time: mean
  average_op_ncl :	dim_avg_n over dimension(s): lon

Variable: wxcre0300
Type: float
Total Size: 1714176 bytes
            428544 values
Number of Dimensions: 3
Dimensions and sizes:	[time | 31] x [lat | 96] x [lon | 144]
Coordinates: 
            time: [   2..  32]
            lat: [ -90..  90]
            lon: [   0..357.5]
Number Of Attributes: 4
  Sampling_Sequence :	rad_lwsw
  units :	W/m2
  long_name :	Upwelling longwave flux at top of model
  cell_methods :	time: mean

Variable: wxcre0300
Type: float
Total Size: 1714176 bytes
            428544 values
Number of Dimensions: 3
Dimensions and sizes:	[time | 31] x [lat | 96] x [lon | 144]
Coordinates: 
            time: [   2..  32]
            lat: [ -90..  90]
            lon: [   0..357.5]
Number Of Attributes: 4
  Sampling_Sequence :	rad_lwsw
  units :	W/m2
  long_name :	Upwelling longwave flux at top of model
  cell_methods :	time: mean


Variable: datestr
Type: integer
Total Size: 124 bytes
            31 values
Number of Dimensions: 1
Dimensions and sizes:	[31]
Coordinates: 
Number Of Attributes: 1
  calendar :	gregorian
(0)	20110101
(1)	20110102
(2)	20110103
(3)	20110104
(4)	20110105
(5)	20110106
(6)	20110107
(7)	20110108
(8)	20110109
(9)	20110110
(10)	20110111
(11)	20110112
(12)	20110113
(13)	20110114
(14)	20110115
(15)	20110116
(16)	20110117
(17)	20110118
(18)	20110119
(19)	20110120
(20)	20110121
(21)	20110122
(22)	20110123
(23)	20110124
(24)	20110125
(25)	20110126
(26)	20110127
(27)	20110128
(28)	20110129
(29)	20110130
(30)	20110131

Variable: obsdat
Type: float
Total Size: 1714176 bytes
            428544 values
Number of Dimensions: 3
Dimensions and sizes:	[time | 31] x [lat | 96] x [lon | 144]
Coordinates: 
            time: [77065..77095]
            lat: [ -90..  90]
            lon: [   0..357.5]
Number Of Attributes: 13
  cell_measures :	area: area
  actual_range :	( 78.87619, 392.5756 )
  dataset :	NOAA Daily OLR TCDR (PSD)
  missing_value :	-9.99e+08
  parent_stat :	Individual Obs
  level_desc :	TOA
  statistic :	Mean
  var_desc :	Outgoing Longwave Radiation
  valid_range :	(   50,  500 )
  units :	W m-2
  standard_name :	toa_outgoing_longwave_flux
  long_name :	outgoing longwave radiation
  _FillValue :	-9.99e+08

Variable: pxcre0300
Type: float
Total Size: 1714176 bytes
            428544 values
Number of Dimensions: 3
Dimensions and sizes:	[time | 31] x [lat | 96] x [lon | 144]
Coordinates: 
            time: [   2..  32]
            lat: [ -90..  90]
            lon: [   0..357.5]
Number Of Attributes: 4
  cell_methods :	time: mean
  long_name :	Upwelling longwave flux at top of model
  units :	W/m2
  Sampling_Sequence :	rad_lwsw

Variable: wxcre0300
Type: float
Total Size: 1714176 bytes
            428544 values
Number of Dimensions: 3
Dimensions and sizes:	[time | 31] x [lat | 96] x [lon | 144]
Coordinates: 
            time: [   2..  32]
            lat: [ -90..  90]
            lon: [   0..357.5]
Number Of Attributes: 4
  Sampling_Sequence :	rad_lwsw
  units :	W/m2
  long_name :	Upwelling longwave flux at top of model
  cell_methods :	time: mean

Variable: obsdat
Type: float
Total Size: 1714176 bytes
            428544 values
Number of Dimensions: 3
Dimensions and sizes:	[time | 31] x [lat | 96] x [lon | 144]
Coordinates: 
            time: [77065..77095]
            lat: [ -90..  90]
            lon: [   0..357.5]
Number Of Attributes: 13
  cell_measures :	area: area
  actual_range :	( 78.87619, 392.5756 )
  dataset :	NOAA Daily OLR TCDR (PSD)
  missing_value :	-9.99e+08
  parent_stat :	Individual Obs
  level_desc :	TOA
  statistic :	Mean
  var_desc :	Outgoing Longwave Radiation
  valid_range :	(   50,  500 )
  units :	W m-2
  standard_name :	toa_outgoing_longwave_flux
  long_name :	outgoing longwave radiation
  _FillValue :	-9.99e+08

Variable: encorr
Type: float
Total Size: 4 bytes
            1 values
Number of Dimensions: 1
Dimensions and sizes:	[1]
Coordinates: 
Number Of Attributes: 1
  long_name :	pattern correlation (centered)

Variable: Ptimes
Type: double
Total Size: 248 bytes
            31 values
Number of Dimensions: 1
Dimensions and sizes:	[31]
Coordinates: 
Number Of Attributes: 2
  calendar :	gregorian
  units :	days since 2011-01-01 00:00

Variable: wncreplt
Type: float
Total Size: 124 bytes
            31 values
Number of Dimensions: 1
Dimensions and sizes:	[time | 31]
Coordinates: 
            time: [   0..  30]
Number Of Attributes: 5
  average_op_ncl :	dim_avg_n over dimension(s): lon
  cell_methods :	time: mean
  long_name :	Upwelling longwave flux at top of model
  units :	W/m2
  Sampling_Sequence :	rad_lwsw

Variable: wxcre0300
Type: float
Total Size: 34283520 bytes
            8570880 values
Number of Dimensions: 4
Dimensions and sizes:	[ncl_join | 20] x [time | 31] x [lat | 96] x [lon | 144]
Coordinates: 
            time: [   2..  32]
            lat: [ -90..  90]
            lon: [   0..357.5]
Number Of Attributes: 4
  Sampling_Sequence :	rad_lwsw
  units :	W/m2
  long_name :	Upwelling longwave flux at top of model
  cell_methods :	time: mean

Variable: wxcre0300
Type: float
Total Size: 34283520 bytes
            8570880 values
Number of Dimensions: 4
Dimensions and sizes:	[ncl_join | 20] x [time | 31] x [lat | 96] x [lon | 144]
Coordinates: 
            time: [   2..  32]
            lat: [ -90..  90]
            lon: [   0..357.5]
Number Of Attributes: 4
  Sampling_Sequence :	rad_lwsw
  units :	W/m2
  long_name :	Upwelling longwave flux at top of model
  cell_methods :	time: mean


Variable: datestr
Type: integer
Total Size: 124 bytes
            31 values
Number of Dimensions: 1
Dimensions and sizes:	[31]
Coordinates: 
Number Of Attributes: 1
  calendar :	gregorian
(0)	20110101
(1)	20110102
(2)	20110103
(3)	20110104
(4)	20110105
(5)	20110106
(6)	20110107
(7)	20110108
(8)	20110109
(9)	20110110
(10)	20110111
(11)	20110112
(12)	20110113
(13)	20110114
(14)	20110115
(15)	20110116
(16)	20110117
(17)	20110118
(18)	20110119
(19)	20110120
(20)	20110121
(21)	20110122
(22)	20110123
(23)	20110124
(24)	20110125
(25)	20110126
(26)	20110127
(27)	20110128
(28)	20110129
(29)	20110130
(30)	20110131

Variable: obsdat
Type: float
Total Size: 1714176 bytes
            428544 values
Number of Dimensions: 3
Dimensions and sizes:	[time | 31] x [lat | 96] x [lon | 144]
Coordinates: 
            time: [77065..77095]
            lat: [ -90..  90]
            lon: [   0..357.5]
Number Of Attributes: 13
  cell_measures :	area: area
  actual_range :	( 78.87619, 392.5756 )
  dataset :	NOAA Daily OLR TCDR (PSD)
  missing_value :	-9.99e+08
  parent_stat :	Individual Obs
  level_desc :	TOA
  statistic :	Mean
  var_desc :	Outgoing Longwave Radiation
  valid_range :	(   50,  500 )
  units :	W m-2
  standard_name :	toa_outgoing_longwave_flux
  long_name :	outgoing longwave radiation
  _FillValue :	-9.99e+08

Variable: pxcre0300
Type: float
Total Size: 34283520 bytes
            8570880 values
Number of Dimensions: 4
Dimensions and sizes:	[ncl_join | 20] x [time | 31] x [lat | 96] x [lon | 144]
Coordinates: 
            time: [   2..  32]
            lat: [ -90..  90]
            lon: [   0..357.5]
Number Of Attributes: 4
  cell_methods :	time: mean
  long_name :	Upwelling longwave flux at top of model
  units :	W/m2
  Sampling_Sequence :	rad_lwsw

Variable: wxcre0300
Type: float
Total Size: 34283520 bytes
            8570880 values
Number of Dimensions: 4
Dimensions and sizes:	[ncl_join | 20] x [time | 31] x [lat | 96] x [lon | 144]
Coordinates: 
            time: [   2..  32]
            lat: [ -90..  90]
            lon: [   0..357.5]
Number Of Attributes: 4
  Sampling_Sequence :	rad_lwsw
  units :	W/m2
  long_name :	Upwelling longwave flux at top of model
  cell_methods :	time: mean

Variable: obsdat
Type: float
Total Size: 1714176 bytes
            428544 values
Number of Dimensions: 3
Dimensions and sizes:	[time | 31] x [lat | 96] x [lon | 144]
Coordinates: 
            time: [77065..77095]
            lat: [ -90..  90]
            lon: [   0..357.5]
Number Of Attributes: 13
  cell_measures :	area: area
  actual_range :	( 78.87619, 392.5756 )
  dataset :	NOAA Daily OLR TCDR (PSD)
  missing_value :	-9.99e+08
  parent_stat :	Individual Obs
  level_desc :	TOA
  statistic :	Mean
  var_desc :	Outgoing Longwave Radiation
  valid_range :	(   50,  500 )
  units :	W m-2
  standard_name :	toa_outgoing_longwave_flux
  long_name :	outgoing longwave radiation
  _FillValue :	-9.99e+08

Variable: encorr
Type: float
Total Size: 80 bytes
            20 values
Number of Dimensions: 1
Dimensions and sizes:	[ncl_join | 20]
Coordinates: 
Number Of Attributes: 1
  long_name :	pattern correlation (centered)

Variable: Ptimes
Type: double
Total Size: 248 bytes
            31 values
Number of Dimensions: 1
Dimensions and sizes:	[31]
Coordinates: 
Number Of Attributes: 2
  calendar :	gregorian
  units :	days since 2011-01-01 00:00

Variable: wncreplt
Type: float
Total Size: 124 bytes
            31 values
Number of Dimensions: 1
Dimensions and sizes:	[time | 31]
Coordinates: 
            time: [   0..  30]
Number Of Attributes: 5
  Sampling_Sequence :	rad_lwsw
  units :	W/m2
  long_name :	Upwelling longwave flux at top of model
  cell_methods :	time: mean
  average_op_ncl :	dim_avg_n over dimension(s): lon
