nohup: ignoring input
 Copyright (C) 1995-2019 - All Rights Reserved
 University Corporation for Atmospheric Research
 NCAR Command Language Version 6.6.2
 The use of this software is governed by a License Agreement.
 See http://www.ncl.ucar.edu/ for more details.
(0)	255 31

Variable: obsdat
Type: float
Total Size: 1714176 bytes
            428544 values
Number of Dimensions: 3
Dimensions and sizes:	[time | 31] x [lat | 96] x [lon | 144]
Coordinates: 
            lat: [ -90..  90]
            lon: [   0..357.5]
Number Of Attributes: 1
  _FillValue :	9.96921e+36

Variable: wxcre0300
Type: float
Total Size: 1714176 bytes
            428544 values
Number of Dimensions: 3
Dimensions and sizes:	[time | 31] x [lat | 96] x [lon | 144]
Coordinates: 
            time: [   1..  31]
            lat: [ -90..  90]
            lon: [   0..357.5]
Number Of Attributes: 3
  units :	m/s
  long_name :	Convective precipitation rate (liq + ice)
  cell_methods :	time: mean

Variable: wxcre0300
Type: float
Total Size: 1714176 bytes
            428544 values
Number of Dimensions: 3
Dimensions and sizes:	[time | 31] x [lat | 96] x [lon | 144]
Coordinates: 
            time: [   1..  31]
            lat: [ -90..  90]
            lon: [   0..357.5]
Number Of Attributes: 3
  units :	m/s
  long_name :	Convective precipitation rate (liq + ice)
  cell_methods :	time: mean


Variable: datestr
Type: integer
Total Size: 124 bytes
            31 values
Number of Dimensions: 1
Dimensions and sizes:	[31]
Coordinates: 
Number Of Attributes: 1
  calendar :	gregorian
(0)	20110101
(1)	20110102
(2)	20110103
(3)	20110104
(4)	20110105
(5)	20110106
(6)	20110107
(7)	20110108
(8)	20110109
(9)	20110110
(10)	20110111
(11)	20110112
(12)	20110113
(13)	20110114
(14)	20110115
(15)	20110116
(16)	20110117
(17)	20110118
(18)	20110119
(19)	20110120
(20)	20110121
(21)	20110122
(22)	20110123
(23)	20110124
(24)	20110125
(25)	20110126
(26)	20110127
(27)	20110128
(28)	20110129
(29)	20110130
(30)	20110131

Variable: wxcre0300
Type: float
Total Size: 1714176 bytes
            428544 values
Number of Dimensions: 3
Dimensions and sizes:	[time | 31] x [lat | 96] x [lon | 144]
Coordinates: 
            time: [   2..  32]
            lat: [ -90..  90]
            lon: [   0..357.5]
Number Of Attributes: 3
  units :	m/s
  long_name :	Convective precipitation rate (liq + ice)
  cell_methods :	time: mean

Variable: wxcre0300
Type: float
Total Size: 1714176 bytes
            428544 values
Number of Dimensions: 3
Dimensions and sizes:	[time | 31] x [lat | 96] x [lon | 144]
Coordinates: 
            time: [   2..  32]
            lat: [ -90..  90]
            lon: [   0..357.5]
Number Of Attributes: 3
  units :	m/s
  long_name :	Convective precipitation rate (liq + ice)
  cell_methods :	time: mean


Variable: datestr
Type: integer
Total Size: 124 bytes
            31 values
Number of Dimensions: 1
Dimensions and sizes:	[31]
Coordinates: 
Number Of Attributes: 1
  calendar :	gregorian
(0)	20110101
(1)	20110102
(2)	20110103
(3)	20110104
(4)	20110105
(5)	20110106
(6)	20110107
(7)	20110108
(8)	20110109
(9)	20110110
(10)	20110111
(11)	20110112
(12)	20110113
(13)	20110114
(14)	20110115
(15)	20110116
(16)	20110117
(17)	20110118
(18)	20110119
(19)	20110120
(20)	20110121
(21)	20110122
(22)	20110123
(23)	20110124
(24)	20110125
(25)	20110126
(26)	20110127
(27)	20110128
(28)	20110129
(29)	20110130
(30)	20110131

Variable: wxcre0300
Type: float
Total Size: 1714176 bytes
            428544 values
Number of Dimensions: 3
Dimensions and sizes:	[time | 31] x [lat | 96] x [lon | 144]
Coordinates: 
            time: [   3..  33]
            lat: [ -90..  90]
            lon: [   0..357.5]
Number Of Attributes: 3
  units :	m/s
  long_name :	Convective precipitation rate (liq + ice)
  cell_methods :	time: mean

Variable: wxcre0300
Type: float
Total Size: 1714176 bytes
            428544 values
Number of Dimensions: 3
Dimensions and sizes:	[time | 31] x [lat | 96] x [lon | 144]
Coordinates: 
            time: [   3..  33]
            lat: [ -90..  90]
            lon: [   0..357.5]
Number Of Attributes: 3
  units :	m/s
  long_name :	Convective precipitation rate (liq + ice)
  cell_methods :	time: mean


Variable: datestr
Type: integer
Total Size: 124 bytes
            31 values
Number of Dimensions: 1
Dimensions and sizes:	[31]
Coordinates: 
Number Of Attributes: 1
  calendar :	gregorian
(0)	20110101
(1)	20110102
(2)	20110103
(3)	20110104
(4)	20110105
(5)	20110106
(6)	20110107
(7)	20110108
(8)	20110109
(9)	20110110
(10)	20110111
(11)	20110112
(12)	20110113
(13)	20110114
(14)	20110115
(15)	20110116
(16)	20110117
(17)	20110118
(18)	20110119
(19)	20110120
(20)	20110121
(21)	20110122
(22)	20110123
(23)	20110124
(24)	20110125
(25)	20110126
(26)	20110127
(27)	20110128
(28)	20110129
(29)	20110130
(30)	20110131

Variable: wxcre0300
Type: float
Total Size: 1714176 bytes
            428544 values
Number of Dimensions: 3
Dimensions and sizes:	[time | 31] x [lat | 96] x [lon | 144]
Coordinates: 
            time: [   4..  34]
            lat: [ -90..  90]
            lon: [   0..357.5]
Number Of Attributes: 3
  units :	m/s
  long_name :	Convective precipitation rate (liq + ice)
  cell_methods :	time: mean

Variable: wxcre0300
Type: float
Total Size: 1714176 bytes
            428544 values
Number of Dimensions: 3
Dimensions and sizes:	[time | 31] x [lat | 96] x [lon | 144]
Coordinates: 
            time: [   4..  34]
            lat: [ -90..  90]
            lon: [   0..357.5]
Number Of Attributes: 3
  units :	m/s
  long_name :	Convective precipitation rate (liq + ice)
  cell_methods :	time: mean


Variable: datestr
Type: integer
Total Size: 124 bytes
            31 values
Number of Dimensions: 1
Dimensions and sizes:	[31]
Coordinates: 
Number Of Attributes: 1
  calendar :	gregorian
(0)	20110101
(1)	20110102
(2)	20110103
(3)	20110104
(4)	20110105
(5)	20110106
(6)	20110107
(7)	20110108
(8)	20110109
(9)	20110110
(10)	20110111
(11)	20110112
(12)	20110113
(13)	20110114
(14)	20110115
(15)	20110116
(16)	20110117
(17)	20110118
(18)	20110119
(19)	20110120
(20)	20110121
(21)	20110122
(22)	20110123
(23)	20110124
(24)	20110125
(25)	20110126
(26)	20110127
(27)	20110128
(28)	20110129
(29)	20110130
(30)	20110131

Variable: wxcre0300
Type: float
Total Size: 1714176 bytes
            428544 values
Number of Dimensions: 3
Dimensions and sizes:	[time | 31] x [lat | 96] x [lon | 144]
Coordinates: 
            time: [   5..  35]
            lat: [ -90..  90]
            lon: [   0..357.5]
Number Of Attributes: 3
  units :	m/s
  long_name :	Convective precipitation rate (liq + ice)
  cell_methods :	time: mean

Variable: wxcre0300
Type: float
Total Size: 1714176 bytes
            428544 values
Number of Dimensions: 3
Dimensions and sizes:	[time | 31] x [lat | 96] x [lon | 144]
Coordinates: 
            time: [   5..  35]
            lat: [ -90..  90]
            lon: [   0..357.5]
Number Of Attributes: 3
  units :	m/s
  long_name :	Convective precipitation rate (liq + ice)
  cell_methods :	time: mean


Variable: datestr
Type: integer
Total Size: 124 bytes
            31 values
Number of Dimensions: 1
Dimensions and sizes:	[31]
Coordinates: 
Number Of Attributes: 1
  calendar :	gregorian
(0)	20110101
(1)	20110102
(2)	20110103
(3)	20110104
(4)	20110105
(5)	20110106
(6)	20110107
(7)	20110108
(8)	20110109
(9)	20110110
(10)	20110111
(11)	20110112
(12)	20110113
(13)	20110114
(14)	20110115
(15)	20110116
(16)	20110117
(17)	20110118
(18)	20110119
(19)	20110120
(20)	20110121
(21)	20110122
(22)	20110123
(23)	20110124
(24)	20110125
(25)	20110126
(26)	20110127
(27)	20110128
(28)	20110129
(29)	20110130
(30)	20110131

Variable: wxcre0300
Type: float
Total Size: 34283520 bytes
            8570880 values
Number of Dimensions: 4
Dimensions and sizes:	[ncl_join | 20] x [time | 31] x [lat | 96] x [lon | 144]
Coordinates: 
            time: [   1..  31]
            lat: [ -90..  90]
            lon: [   0..357.5]
Number Of Attributes: 3
  units :	m/s
  long_name :	Convective precipitation rate (liq + ice)
  cell_methods :	time: mean

Variable: wxcre0300
Type: float
Total Size: 34283520 bytes
            8570880 values
Number of Dimensions: 4
Dimensions and sizes:	[ncl_join | 20] x [time | 31] x [lat | 96] x [lon | 144]
Coordinates: 
            time: [   1..  31]
            lat: [ -90..  90]
            lon: [   0..357.5]
Number Of Attributes: 3
  units :	m/s
  long_name :	Convective precipitation rate (liq + ice)
  cell_methods :	time: mean


Variable: datestr
Type: integer
Total Size: 124 bytes
            31 values
Number of Dimensions: 1
Dimensions and sizes:	[31]
Coordinates: 
Number Of Attributes: 1
  calendar :	gregorian
(0)	20110101
(1)	20110102
(2)	20110103
(3)	20110104
(4)	20110105
(5)	20110106
(6)	20110107
(7)	20110108
(8)	20110109
(9)	20110110
(10)	20110111
(11)	20110112
(12)	20110113
(13)	20110114
(14)	20110115
(15)	20110116
(16)	20110117
(17)	20110118
(18)	20110119
(19)	20110120
(20)	20110121
(21)	20110122
(22)	20110123
(23)	20110124
(24)	20110125
(25)	20110126
(26)	20110127
(27)	20110128
(28)	20110129
(29)	20110130
(30)	20110131

Variable: wxcre0300
Type: float
Total Size: 34283520 bytes
            8570880 values
Number of Dimensions: 4
Dimensions and sizes:	[ncl_join | 20] x [time | 31] x [lat | 96] x [lon | 144]
Coordinates: 
            time: [   2..  32]
            lat: [ -90..  90]
            lon: [   0..357.5]
Number Of Attributes: 3
  units :	m/s
  long_name :	Convective precipitation rate (liq + ice)
  cell_methods :	time: mean

Variable: wxcre0300
Type: float
Total Size: 34283520 bytes
            8570880 values
Number of Dimensions: 4
Dimensions and sizes:	[ncl_join | 20] x [time | 31] x [lat | 96] x [lon | 144]
Coordinates: 
            time: [   2..  32]
            lat: [ -90..  90]
            lon: [   0..357.5]
Number Of Attributes: 3
  units :	m/s
  long_name :	Convective precipitation rate (liq + ice)
  cell_methods :	time: mean


Variable: datestr
Type: integer
Total Size: 124 bytes
            31 values
Number of Dimensions: 1
Dimensions and sizes:	[31]
Coordinates: 
Number Of Attributes: 1
  calendar :	gregorian
(0)	20110101
(1)	20110102
(2)	20110103
(3)	20110104
(4)	20110105
(5)	20110106
(6)	20110107
(7)	20110108
(8)	20110109
(9)	20110110
(10)	20110111
(11)	20110112
(12)	20110113
(13)	20110114
(14)	20110115
(15)	20110116
(16)	20110117
(17)	20110118
(18)	20110119
(19)	20110120
(20)	20110121
(21)	20110122
(22)	20110123
(23)	20110124
(24)	20110125
(25)	20110126
(26)	20110127
(27)	20110128
(28)	20110129
(29)	20110130
(30)	20110131

Variable: wxcre0300
Type: float
Total Size: 34283520 bytes
            8570880 values
Number of Dimensions: 4
Dimensions and sizes:	[ncl_join | 20] x [time | 31] x [lat | 96] x [lon | 144]
Coordinates: 
            time: [   3..  33]
            lat: [ -90..  90]
            lon: [   0..357.5]
Number Of Attributes: 3
  units :	m/s
  long_name :	Convective precipitation rate (liq + ice)
  cell_methods :	time: mean

Variable: wxcre0300
Type: float
Total Size: 34283520 bytes
            8570880 values
Number of Dimensions: 4
Dimensions and sizes:	[ncl_join | 20] x [time | 31] x [lat | 96] x [lon | 144]
Coordinates: 
            time: [   3..  33]
            lat: [ -90..  90]
            lon: [   0..357.5]
Number Of Attributes: 3
  units :	m/s
  long_name :	Convective precipitation rate (liq + ice)
  cell_methods :	time: mean


Variable: datestr
Type: integer
Total Size: 124 bytes
            31 values
Number of Dimensions: 1
Dimensions and sizes:	[31]
Coordinates: 
Number Of Attributes: 1
  calendar :	gregorian
(0)	20110101
(1)	20110102
(2)	20110103
(3)	20110104
(4)	20110105
(5)	20110106
(6)	20110107
(7)	20110108
(8)	20110109
(9)	20110110
(10)	20110111
(11)	20110112
(12)	20110113
(13)	20110114
(14)	20110115
(15)	20110116
(16)	20110117
(17)	20110118
(18)	20110119
(19)	20110120
(20)	20110121
(21)	20110122
(22)	20110123
(23)	20110124
(24)	20110125
(25)	20110126
(26)	20110127
(27)	20110128
(28)	20110129
(29)	20110130
(30)	20110131

Variable: wxcre0300
Type: float
Total Size: 34283520 bytes
            8570880 values
Number of Dimensions: 4
Dimensions and sizes:	[ncl_join | 20] x [time | 31] x [lat | 96] x [lon | 144]
Coordinates: 
            time: [   4..  34]
            lat: [ -90..  90]
            lon: [   0..357.5]
Number Of Attributes: 3
  units :	m/s
  long_name :	Convective precipitation rate (liq + ice)
  cell_methods :	time: mean

Variable: wxcre0300
Type: float
Total Size: 34283520 bytes
            8570880 values
Number of Dimensions: 4
Dimensions and sizes:	[ncl_join | 20] x [time | 31] x [lat | 96] x [lon | 144]
Coordinates: 
            time: [   4..  34]
            lat: [ -90..  90]
            lon: [   0..357.5]
Number Of Attributes: 3
  units :	m/s
  long_name :	Convective precipitation rate (liq + ice)
  cell_methods :	time: mean


Variable: datestr
Type: integer
Total Size: 124 bytes
            31 values
Number of Dimensions: 1
Dimensions and sizes:	[31]
Coordinates: 
Number Of Attributes: 1
  calendar :	gregorian
(0)	20110101
(1)	20110102
(2)	20110103
(3)	20110104
(4)	20110105
(5)	20110106
(6)	20110107
(7)	20110108
(8)	20110109
(9)	20110110
(10)	20110111
(11)	20110112
(12)	20110113
(13)	20110114
(14)	20110115
(15)	20110116
(16)	20110117
(17)	20110118
(18)	20110119
(19)	20110120
(20)	20110121
(21)	20110122
(22)	20110123
(23)	20110124
(24)	20110125
(25)	20110126
(26)	20110127
(27)	20110128
(28)	20110129
(29)	20110130
(30)	20110131

Variable: wxcre0300
Type: float
Total Size: 34283520 bytes
            8570880 values
Number of Dimensions: 4
Dimensions and sizes:	[ncl_join | 20] x [time | 31] x [lat | 96] x [lon | 144]
Coordinates: 
            time: [   5..  35]
            lat: [ -90..  90]
            lon: [   0..357.5]
Number Of Attributes: 3
  units :	m/s
  long_name :	Convective precipitation rate (liq + ice)
  cell_methods :	time: mean

Variable: wxcre0300
Type: float
Total Size: 34283520 bytes
            8570880 values
Number of Dimensions: 4
Dimensions and sizes:	[ncl_join | 20] x [time | 31] x [lat | 96] x [lon | 144]
Coordinates: 
            time: [   5..  35]
            lat: [ -90..  90]
            lon: [   0..357.5]
Number Of Attributes: 3
  units :	m/s
  long_name :	Convective precipitation rate (liq + ice)
  cell_methods :	time: mean


Variable: datestr
Type: integer
Total Size: 124 bytes
            31 values
Number of Dimensions: 1
Dimensions and sizes:	[31]
Coordinates: 
Number Of Attributes: 1
  calendar :	gregorian
(0)	20110101
(1)	20110102
(2)	20110103
(3)	20110104
(4)	20110105
(5)	20110106
(6)	20110107
(7)	20110108
(8)	20110109
(9)	20110110
(10)	20110111
(11)	20110112
(12)	20110113
(13)	20110114
(14)	20110115
(15)	20110116
(16)	20110117
(17)	20110118
(18)	20110119
(19)	20110120
(20)	20110121
(21)	20110122
(22)	20110123
(23)	20110124
(24)	20110125
(25)	20110126
(26)	20110127
(27)	20110128
(28)	20110129
(29)	20110130
(30)	20110131
(0,0)	2.44884 0 0
(0,1)	2.44884 0 0
(0,2)	2.44884 0 0
(0,3)	2.44884 0 0
(0,4)	2.44884 0 0
(1,0)	3.1641 2.97174 3.35646
(1,1)	3.1641 2.97174 3.35646
(1,2)	3.1641 2.97174 3.35646
(1,3)	3.1641 2.97174 3.35646
(1,4)	3.1641 2.97174 3.35646
(2,0)	2.14311 0 0
(2,1)	2.72328 0 0
(2,2)	2.85437 0 0
(2,3)	3.01436 0 0
(2,4)	3.00926 0 0
(3,0)	2.63822 2.61076 2.66569
(3,1)	2.77425 2.74523 2.80326
(3,2)	2.8681 2.83788 2.89833
(3,3)	2.94633 2.91297 2.97969
(3,4)	2.946 2.90643 2.98556
(0)	255 31

Variable: obsdat
Type: float
Total Size: 1714176 bytes
            428544 values
Number of Dimensions: 3
Dimensions and sizes:	[time | 31] x [lat | 96] x [lon | 144]
Coordinates: 
            lat: [ -90..  90]
            lon: [   0..357.5]
Number Of Attributes: 1
  _FillValue :	9.96921e+36

Variable: wxcre0300
Type: float
Total Size: 1714176 bytes
            428544 values
Number of Dimensions: 3
Dimensions and sizes:	[time | 31] x [lat | 96] x [lon | 144]
Coordinates: 
            time: [   1..  31]
            lat: [ -90..  90]
            lon: [   0..357.5]
Number Of Attributes: 3
  units :	m/s
  long_name :	Convective precipitation rate (liq + ice)
  cell_methods :	time: mean

Variable: wxcre0300
Type: float
Total Size: 1714176 bytes
            428544 values
Number of Dimensions: 3
Dimensions and sizes:	[time | 31] x [lat | 96] x [lon | 144]
Coordinates: 
            time: [   1..  31]
            lat: [ -90..  90]
            lon: [   0..357.5]
Number Of Attributes: 3
  units :	m/s
  long_name :	Convective precipitation rate (liq + ice)
  cell_methods :	time: mean


Variable: datestr
Type: integer
Total Size: 124 bytes
            31 values
Number of Dimensions: 1
Dimensions and sizes:	[31]
Coordinates: 
Number Of Attributes: 1
  calendar :	gregorian
(0)	20110101
(1)	20110102
(2)	20110103
(3)	20110104
(4)	20110105
(5)	20110106
(6)	20110107
(7)	20110108
(8)	20110109
(9)	20110110
(10)	20110111
(11)	20110112
(12)	20110113
(13)	20110114
(14)	20110115
(15)	20110116
(16)	20110117
(17)	20110118
(18)	20110119
(19)	20110120
(20)	20110121
(21)	20110122
(22)	20110123
(23)	20110124
(24)	20110125
(25)	20110126
(26)	20110127
(27)	20110128
(28)	20110129
(29)	20110130
(30)	20110131

Variable: wxcre0300
Type: float
Total Size: 1714176 bytes
            428544 values
Number of Dimensions: 3
Dimensions and sizes:	[time | 31] x [lat | 96] x [lon | 144]
Coordinates: 
            time: [   2..  32]
            lat: [ -90..  90]
            lon: [   0..357.5]
Number Of Attributes: 3
  units :	m/s
  long_name :	Convective precipitation rate (liq + ice)
  cell_methods :	time: mean

Variable: wxcre0300
Type: float
Total Size: 1714176 bytes
            428544 values
Number of Dimensions: 3
Dimensions and sizes:	[time | 31] x [lat | 96] x [lon | 144]
Coordinates: 
            time: [   2..  32]
            lat: [ -90..  90]
            lon: [   0..357.5]
Number Of Attributes: 3
  units :	m/s
  long_name :	Convective precipitation rate (liq + ice)
  cell_methods :	time: mean


Variable: datestr
Type: integer
Total Size: 124 bytes
            31 values
Number of Dimensions: 1
Dimensions and sizes:	[31]
Coordinates: 
Number Of Attributes: 1
  calendar :	gregorian
(0)	20110101
(1)	20110102
(2)	20110103
(3)	20110104
(4)	20110105
(5)	20110106
(6)	20110107
(7)	20110108
(8)	20110109
(9)	20110110
(10)	20110111
(11)	20110112
(12)	20110113
(13)	20110114
(14)	20110115
(15)	20110116
(16)	20110117
(17)	20110118
(18)	20110119
(19)	20110120
(20)	20110121
(21)	20110122
(22)	20110123
(23)	20110124
(24)	20110125
(25)	20110126
(26)	20110127
(27)	20110128
(28)	20110129
(29)	20110130
(30)	20110131

Variable: wxcre0300
Type: float
Total Size: 1714176 bytes
            428544 values
Number of Dimensions: 3
Dimensions and sizes:	[time | 31] x [lat | 96] x [lon | 144]
Coordinates: 
            time: [   3..  33]
            lat: [ -90..  90]
            lon: [   0..357.5]
Number Of Attributes: 3
  units :	m/s
  long_name :	Convective precipitation rate (liq + ice)
  cell_methods :	time: mean

Variable: wxcre0300
Type: float
Total Size: 1714176 bytes
            428544 values
Number of Dimensions: 3
Dimensions and sizes:	[time | 31] x [lat | 96] x [lon | 144]
Coordinates: 
            time: [   3..  33]
            lat: [ -90..  90]
            lon: [   0..357.5]
Number Of Attributes: 3
  units :	m/s
  long_name :	Convective precipitation rate (liq + ice)
  cell_methods :	time: mean


Variable: datestr
Type: integer
Total Size: 124 bytes
            31 values
Number of Dimensions: 1
Dimensions and sizes:	[31]
Coordinates: 
Number Of Attributes: 1
  calendar :	gregorian
(0)	20110101
(1)	20110102
(2)	20110103
(3)	20110104
(4)	20110105
(5)	20110106
(6)	20110107
(7)	20110108
(8)	20110109
(9)	20110110
(10)	20110111
(11)	20110112
(12)	20110113
(13)	20110114
(14)	20110115
(15)	20110116
(16)	20110117
(17)	20110118
(18)	20110119
(19)	20110120
(20)	20110121
(21)	20110122
(22)	20110123
(23)	20110124
(24)	20110125
(25)	20110126
(26)	20110127
(27)	20110128
(28)	20110129
(29)	20110130
(30)	20110131

Variable: wxcre0300
Type: float
Total Size: 1714176 bytes
            428544 values
Number of Dimensions: 3
Dimensions and sizes:	[time | 31] x [lat | 96] x [lon | 144]
Coordinates: 
            time: [   4..  34]
            lat: [ -90..  90]
            lon: [   0..357.5]
Number Of Attributes: 3
  units :	m/s
  long_name :	Convective precipitation rate (liq + ice)
  cell_methods :	time: mean

Variable: wxcre0300
Type: float
Total Size: 1714176 bytes
            428544 values
Number of Dimensions: 3
Dimensions and sizes:	[time | 31] x [lat | 96] x [lon | 144]
Coordinates: 
            time: [   4..  34]
            lat: [ -90..  90]
            lon: [   0..357.5]
Number Of Attributes: 3
  units :	m/s
  long_name :	Convective precipitation rate (liq + ice)
  cell_methods :	time: mean


Variable: datestr
Type: integer
Total Size: 124 bytes
            31 values
Number of Dimensions: 1
Dimensions and sizes:	[31]
Coordinates: 
Number Of Attributes: 1
  calendar :	gregorian
(0)	20110101
(1)	20110102
(2)	20110103
(3)	20110104
(4)	20110105
(5)	20110106
(6)	20110107
(7)	20110108
(8)	20110109
(9)	20110110
(10)	20110111
(11)	20110112
(12)	20110113
(13)	20110114
(14)	20110115
(15)	20110116
(16)	20110117
(17)	20110118
(18)	20110119
(19)	20110120
(20)	20110121
(21)	20110122
(22)	20110123
(23)	20110124
(24)	20110125
(25)	20110126
(26)	20110127
(27)	20110128
(28)	20110129
(29)	20110130
(30)	20110131

Variable: wxcre0300
Type: float
Total Size: 1714176 bytes
            428544 values
Number of Dimensions: 3
Dimensions and sizes:	[time | 31] x [lat | 96] x [lon | 144]
Coordinates: 
            time: [   5..  35]
            lat: [ -90..  90]
            lon: [   0..357.5]
Number Of Attributes: 3
  units :	m/s
  long_name :	Convective precipitation rate (liq + ice)
  cell_methods :	time: mean

Variable: wxcre0300
Type: float
Total Size: 1714176 bytes
            428544 values
Number of Dimensions: 3
Dimensions and sizes:	[time | 31] x [lat | 96] x [lon | 144]
Coordinates: 
            time: [   5..  35]
            lat: [ -90..  90]
            lon: [   0..357.5]
Number Of Attributes: 3
  units :	m/s
  long_name :	Convective precipitation rate (liq + ice)
  cell_methods :	time: mean


Variable: datestr
Type: integer
Total Size: 124 bytes
            31 values
Number of Dimensions: 1
Dimensions and sizes:	[31]
Coordinates: 
Number Of Attributes: 1
  calendar :	gregorian
(0)	20110101
(1)	20110102
(2)	20110103
(3)	20110104
(4)	20110105
(5)	20110106
(6)	20110107
(7)	20110108
(8)	20110109
(9)	20110110
(10)	20110111
(11)	20110112
(12)	20110113
(13)	20110114
(14)	20110115
(15)	20110116
(16)	20110117
(17)	20110118
(18)	20110119
(19)	20110120
(20)	20110121
(21)	20110122
(22)	20110123
(23)	20110124
(24)	20110125
(25)	20110126
(26)	20110127
(27)	20110128
(28)	20110129
(29)	20110130
(30)	20110131

Variable: wxcre0300
Type: float
Total Size: 34283520 bytes
            8570880 values
Number of Dimensions: 4
Dimensions and sizes:	[ncl_join | 20] x [time | 31] x [lat | 96] x [lon | 144]
Coordinates: 
            time: [   1..  31]
            lat: [ -90..  90]
            lon: [   0..357.5]
Number Of Attributes: 3
  units :	m/s
  long_name :	Convective precipitation rate (liq + ice)
  cell_methods :	time: mean

Variable: wxcre0300
Type: float
Total Size: 34283520 bytes
            8570880 values
Number of Dimensions: 4
Dimensions and sizes:	[ncl_join | 20] x [time | 31] x [lat | 96] x [lon | 144]
Coordinates: 
            time: [   1..  31]
            lat: [ -90..  90]
            lon: [   0..357.5]
Number Of Attributes: 3
  units :	m/s
  long_name :	Convective precipitation rate (liq + ice)
  cell_methods :	time: mean


Variable: datestr
Type: integer
Total Size: 124 bytes
            31 values
Number of Dimensions: 1
Dimensions and sizes:	[31]
Coordinates: 
Number Of Attributes: 1
  calendar :	gregorian
(0)	20110101
(1)	20110102
(2)	20110103
(3)	20110104
(4)	20110105
(5)	20110106
(6)	20110107
(7)	20110108
(8)	20110109
(9)	20110110
(10)	20110111
(11)	20110112
(12)	20110113
(13)	20110114
(14)	20110115
(15)	20110116
(16)	20110117
(17)	20110118
(18)	20110119
(19)	20110120
(20)	20110121
(21)	20110122
(22)	20110123
(23)	20110124
(24)	20110125
(25)	20110126
(26)	20110127
(27)	20110128
(28)	20110129
(29)	20110130
(30)	20110131

Variable: wxcre0300
Type: float
Total Size: 34283520 bytes
            8570880 values
Number of Dimensions: 4
Dimensions and sizes:	[ncl_join | 20] x [time | 31] x [lat | 96] x [lon | 144]
Coordinates: 
            time: [   2..  32]
            lat: [ -90..  90]
            lon: [   0..357.5]
Number Of Attributes: 3
  units :	m/s
  long_name :	Convective precipitation rate (liq + ice)
  cell_methods :	time: mean

Variable: wxcre0300
Type: float
Total Size: 34283520 bytes
            8570880 values
Number of Dimensions: 4
Dimensions and sizes:	[ncl_join | 20] x [time | 31] x [lat | 96] x [lon | 144]
Coordinates: 
            time: [   2..  32]
            lat: [ -90..  90]
            lon: [   0..357.5]
Number Of Attributes: 3
  units :	m/s
  long_name :	Convective precipitation rate (liq + ice)
  cell_methods :	time: mean


Variable: datestr
Type: integer
Total Size: 124 bytes
            31 values
Number of Dimensions: 1
Dimensions and sizes:	[31]
Coordinates: 
Number Of Attributes: 1
  calendar :	gregorian
(0)	20110101
(1)	20110102
(2)	20110103
(3)	20110104
(4)	20110105
(5)	20110106
(6)	20110107
(7)	20110108
(8)	20110109
(9)	20110110
(10)	20110111
(11)	20110112
(12)	20110113
(13)	20110114
(14)	20110115
(15)	20110116
(16)	20110117
(17)	20110118
(18)	20110119
(19)	20110120
(20)	20110121
(21)	20110122
(22)	20110123
(23)	20110124
(24)	20110125
(25)	20110126
(26)	20110127
(27)	20110128
(28)	20110129
(29)	20110130
(30)	20110131

Variable: wxcre0300
Type: float
Total Size: 34283520 bytes
            8570880 values
Number of Dimensions: 4
Dimensions and sizes:	[ncl_join | 20] x [time | 31] x [lat | 96] x [lon | 144]
Coordinates: 
            time: [   3..  33]
            lat: [ -90..  90]
            lon: [   0..357.5]
Number Of Attributes: 3
  units :	m/s
  long_name :	Convective precipitation rate (liq + ice)
  cell_methods :	time: mean

Variable: wxcre0300
Type: float
Total Size: 34283520 bytes
            8570880 values
Number of Dimensions: 4
Dimensions and sizes:	[ncl_join | 20] x [time | 31] x [lat | 96] x [lon | 144]
Coordinates: 
            time: [   3..  33]
            lat: [ -90..  90]
            lon: [   0..357.5]
Number Of Attributes: 3
  units :	m/s
  long_name :	Convective precipitation rate (liq + ice)
  cell_methods :	time: mean


Variable: datestr
Type: integer
Total Size: 124 bytes
            31 values
Number of Dimensions: 1
Dimensions and sizes:	[31]
Coordinates: 
Number Of Attributes: 1
  calendar :	gregorian
(0)	20110101
(1)	20110102
(2)	20110103
(3)	20110104
(4)	20110105
(5)	20110106
(6)	20110107
(7)	20110108
(8)	20110109
(9)	20110110
(10)	20110111
(11)	20110112
(12)	20110113
(13)	20110114
(14)	20110115
(15)	20110116
(16)	20110117
(17)	20110118
(18)	20110119
(19)	20110120
(20)	20110121
(21)	20110122
(22)	20110123
(23)	20110124
(24)	20110125
(25)	20110126
(26)	20110127
(27)	20110128
(28)	20110129
(29)	20110130
(30)	20110131

Variable: wxcre0300
Type: float
Total Size: 34283520 bytes
            8570880 values
Number of Dimensions: 4
Dimensions and sizes:	[ncl_join | 20] x [time | 31] x [lat | 96] x [lon | 144]
Coordinates: 
            time: [   4..  34]
            lat: [ -90..  90]
            lon: [   0..357.5]
Number Of Attributes: 3
  units :	m/s
  long_name :	Convective precipitation rate (liq + ice)
  cell_methods :	time: mean

Variable: wxcre0300
Type: float
Total Size: 34283520 bytes
            8570880 values
Number of Dimensions: 4
Dimensions and sizes:	[ncl_join | 20] x [time | 31] x [lat | 96] x [lon | 144]
Coordinates: 
            time: [   4..  34]
            lat: [ -90..  90]
            lon: [   0..357.5]
Number Of Attributes: 3
  units :	m/s
  long_name :	Convective precipitation rate (liq + ice)
  cell_methods :	time: mean


Variable: datestr
Type: integer
Total Size: 124 bytes
            31 values
Number of Dimensions: 1
Dimensions and sizes:	[31]
Coordinates: 
Number Of Attributes: 1
  calendar :	gregorian
(0)	20110101
(1)	20110102
(2)	20110103
(3)	20110104
(4)	20110105
(5)	20110106
(6)	20110107
(7)	20110108
(8)	20110109
(9)	20110110
(10)	20110111
(11)	20110112
(12)	20110113
(13)	20110114
(14)	20110115
(15)	20110116
(16)	20110117
(17)	20110118
(18)	20110119
(19)	20110120
(20)	20110121
(21)	20110122
(22)	20110123
(23)	20110124
(24)	20110125
(25)	20110126
(26)	20110127
(27)	20110128
(28)	20110129
(29)	20110130
(30)	20110131

Variable: wxcre0300
Type: float
Total Size: 34283520 bytes
            8570880 values
Number of Dimensions: 4
Dimensions and sizes:	[ncl_join | 20] x [time | 31] x [lat | 96] x [lon | 144]
Coordinates: 
            time: [   5..  35]
            lat: [ -90..  90]
            lon: [   0..357.5]
Number Of Attributes: 3
  units :	m/s
  long_name :	Convective precipitation rate (liq + ice)
  cell_methods :	time: mean

Variable: wxcre0300
Type: float
Total Size: 34283520 bytes
            8570880 values
Number of Dimensions: 4
Dimensions and sizes:	[ncl_join | 20] x [time | 31] x [lat | 96] x [lon | 144]
Coordinates: 
            time: [   5..  35]
            lat: [ -90..  90]
            lon: [   0..357.5]
Number Of Attributes: 3
  units :	m/s
  long_name :	Convective precipitation rate (liq + ice)
  cell_methods :	time: mean


Variable: datestr
Type: integer
Total Size: 124 bytes
            31 values
Number of Dimensions: 1
Dimensions and sizes:	[31]
Coordinates: 
Number Of Attributes: 1
  calendar :	gregorian
(0)	20110101
(1)	20110102
(2)	20110103
(3)	20110104
(4)	20110105
(5)	20110106
(6)	20110107
(7)	20110108
(8)	20110109
(9)	20110110
(10)	20110111
(11)	20110112
(12)	20110113
(13)	20110114
(14)	20110115
(15)	20110116
(16)	20110117
(17)	20110118
(18)	20110119
(19)	20110120
(20)	20110121
(21)	20110122
(22)	20110123
(23)	20110124
(24)	20110125
(25)	20110126
(26)	20110127
(27)	20110128
(28)	20110129
(29)	20110130
(30)	20110131
(0,0)	2.77228 0 0
(0,1)	2.77228 0 0
(0,2)	2.77228 0 0
(0,3)	2.77228 0 0
(0,4)	2.77228 0 0
(1,0)	3.07367 2.94931 3.19803
(1,1)	3.07367 2.94931 3.19803
(1,2)	3.07367 2.94931 3.19803
(1,3)	3.07367 2.94931 3.19803
(1,4)	3.07367 2.94931 3.19803
(2,0)	2.27577 0 0
(2,1)	2.80501 0 0
(2,2)	2.88339 0 0
(2,3)	3.01055 0 0
(2,4)	2.97 0 0
(3,0)	2.76493 2.73342 2.79643
(3,1)	2.85301 2.82035 2.88566
(3,2)	2.89102 2.85274 2.92931
(3,3)	2.92148 2.88139 2.96157
(3,4)	2.89192 2.84938 2.93446
(0)	255 31

Variable: obsdat
Type: float
Total Size: 1714176 bytes
            428544 values
Number of Dimensions: 3
Dimensions and sizes:	[time | 31] x [lat | 96] x [lon | 144]
Coordinates: 
            lat: [ -90..  90]
            lon: [   0..357.5]
Number Of Attributes: 1
  _FillValue :	9.96921e+36

Variable: wxcre0300
Type: float
Total Size: 1714176 bytes
            428544 values
Number of Dimensions: 3
Dimensions and sizes:	[time | 31] x [lat | 96] x [lon | 144]
Coordinates: 
            time: [   1..  31]
            lat: [ -90..  90]
            lon: [   0..357.5]
Number Of Attributes: 3
  units :	m/s
  long_name :	Convective precipitation rate (liq + ice)
  cell_methods :	time: mean

Variable: wxcre0300
Type: float
Total Size: 1714176 bytes
            428544 values
Number of Dimensions: 3
Dimensions and sizes:	[time | 31] x [lat | 96] x [lon | 144]
Coordinates: 
            time: [   1..  31]
            lat: [ -90..  90]
            lon: [   0..357.5]
Number Of Attributes: 3
  units :	m/s
  long_name :	Convective precipitation rate (liq + ice)
  cell_methods :	time: mean


Variable: datestr
Type: integer
Total Size: 124 bytes
            31 values
Number of Dimensions: 1
Dimensions and sizes:	[31]
Coordinates: 
Number Of Attributes: 1
  calendar :	gregorian
(0)	20110101
(1)	20110102
(2)	20110103
(3)	20110104
(4)	20110105
(5)	20110106
(6)	20110107
(7)	20110108
(8)	20110109
(9)	20110110
(10)	20110111
(11)	20110112
(12)	20110113
(13)	20110114
(14)	20110115
(15)	20110116
(16)	20110117
(17)	20110118
(18)	20110119
(19)	20110120
(20)	20110121
(21)	20110122
(22)	20110123
(23)	20110124
(24)	20110125
(25)	20110126
(26)	20110127
(27)	20110128
(28)	20110129
(29)	20110130
(30)	20110131

Variable: wxcre0300
Type: float
Total Size: 1714176 bytes
            428544 values
Number of Dimensions: 3
Dimensions and sizes:	[time | 31] x [lat | 96] x [lon | 144]
Coordinates: 
            time: [   2..  32]
            lat: [ -90..  90]
            lon: [   0..357.5]
Number Of Attributes: 3
  units :	m/s
  long_name :	Convective precipitation rate (liq + ice)
  cell_methods :	time: mean

Variable: wxcre0300
Type: float
Total Size: 1714176 bytes
            428544 values
Number of Dimensions: 3
Dimensions and sizes:	[time | 31] x [lat | 96] x [lon | 144]
Coordinates: 
            time: [   2..  32]
            lat: [ -90..  90]
            lon: [   0..357.5]
Number Of Attributes: 3
  units :	m/s
  long_name :	Convective precipitation rate (liq + ice)
  cell_methods :	time: mean


Variable: datestr
Type: integer
Total Size: 124 bytes
            31 values
Number of Dimensions: 1
Dimensions and sizes:	[31]
Coordinates: 
Number Of Attributes: 1
  calendar :	gregorian
(0)	20110101
(1)	20110102
(2)	20110103
(3)	20110104
(4)	20110105
(5)	20110106
(6)	20110107
(7)	20110108
(8)	20110109
(9)	20110110
(10)	20110111
(11)	20110112
(12)	20110113
(13)	20110114
(14)	20110115
(15)	20110116
(16)	20110117
(17)	20110118
(18)	20110119
(19)	20110120
(20)	20110121
(21)	20110122
(22)	20110123
(23)	20110124
(24)	20110125
(25)	20110126
(26)	20110127
(27)	20110128
(28)	20110129
(29)	20110130
(30)	20110131

Variable: wxcre0300
Type: float
Total Size: 1714176 bytes
            428544 values
Number of Dimensions: 3
Dimensions and sizes:	[time | 31] x [lat | 96] x [lon | 144]
Coordinates: 
            time: [   3..  33]
            lat: [ -90..  90]
            lon: [   0..357.5]
Number Of Attributes: 3
  units :	m/s
  long_name :	Convective precipitation rate (liq + ice)
  cell_methods :	time: mean

Variable: wxcre0300
Type: float
Total Size: 1714176 bytes
            428544 values
Number of Dimensions: 3
Dimensions and sizes:	[time | 31] x [lat | 96] x [lon | 144]
Coordinates: 
            time: [   3..  33]
            lat: [ -90..  90]
            lon: [   0..357.5]
Number Of Attributes: 3
  units :	m/s
  long_name :	Convective precipitation rate (liq + ice)
  cell_methods :	time: mean


Variable: datestr
Type: integer
Total Size: 124 bytes
            31 values
Number of Dimensions: 1
Dimensions and sizes:	[31]
Coordinates: 
Number Of Attributes: 1
  calendar :	gregorian
(0)	20110101
(1)	20110102
(2)	20110103
(3)	20110104
(4)	20110105
(5)	20110106
(6)	20110107
(7)	20110108
(8)	20110109
(9)	20110110
(10)	20110111
(11)	20110112
(12)	20110113
(13)	20110114
(14)	20110115
(15)	20110116
(16)	20110117
(17)	20110118
(18)	20110119
(19)	20110120
(20)	20110121
(21)	20110122
(22)	20110123
(23)	20110124
(24)	20110125
(25)	20110126
(26)	20110127
(27)	20110128
(28)	20110129
(29)	20110130
(30)	20110131

Variable: wxcre0300
Type: float
Total Size: 1714176 bytes
            428544 values
Number of Dimensions: 3
Dimensions and sizes:	[time | 31] x [lat | 96] x [lon | 144]
Coordinates: 
            time: [   4..  34]
            lat: [ -90..  90]
            lon: [   0..357.5]
Number Of Attributes: 3
  units :	m/s
  long_name :	Convective precipitation rate (liq + ice)
  cell_methods :	time: mean

Variable: wxcre0300
Type: float
Total Size: 1714176 bytes
            428544 values
Number of Dimensions: 3
Dimensions and sizes:	[time | 31] x [lat | 96] x [lon | 144]
Coordinates: 
            time: [   4..  34]
            lat: [ -90..  90]
            lon: [   0..357.5]
Number Of Attributes: 3
  units :	m/s
  long_name :	Convective precipitation rate (liq + ice)
  cell_methods :	time: mean


Variable: datestr
Type: integer
Total Size: 124 bytes
            31 values
Number of Dimensions: 1
Dimensions and sizes:	[31]
Coordinates: 
Number Of Attributes: 1
  calendar :	gregorian
(0)	20110101
(1)	20110102
(2)	20110103
(3)	20110104
(4)	20110105
(5)	20110106
(6)	20110107
(7)	20110108
(8)	20110109
(9)	20110110
(10)	20110111
(11)	20110112
(12)	20110113
(13)	20110114
(14)	20110115
(15)	20110116
(16)	20110117
(17)	20110118
(18)	20110119
(19)	20110120
(20)	20110121
(21)	20110122
(22)	20110123
(23)	20110124
(24)	20110125
(25)	20110126
(26)	20110127
(27)	20110128
(28)	20110129
(29)	20110130
(30)	20110131

Variable: wxcre0300
Type: float
Total Size: 1714176 bytes
            428544 values
Number of Dimensions: 3
Dimensions and sizes:	[time | 31] x [lat | 96] x [lon | 144]
Coordinates: 
            time: [   5..  35]
            lat: [ -90..  90]
            lon: [   0..357.5]
Number Of Attributes: 3
  units :	m/s
  long_name :	Convective precipitation rate (liq + ice)
  cell_methods :	time: mean

Variable: wxcre0300
Type: float
Total Size: 1714176 bytes
            428544 values
Number of Dimensions: 3
Dimensions and sizes:	[time | 31] x [lat | 96] x [lon | 144]
Coordinates: 
            time: [   5..  35]
            lat: [ -90..  90]
            lon: [   0..357.5]
Number Of Attributes: 3
  units :	m/s
  long_name :	Convective precipitation rate (liq + ice)
  cell_methods :	time: mean


Variable: datestr
Type: integer
Total Size: 124 bytes
            31 values
Number of Dimensions: 1
Dimensions and sizes:	[31]
Coordinates: 
Number Of Attributes: 1
  calendar :	gregorian
(0)	20110101
(1)	20110102
(2)	20110103
(3)	20110104
(4)	20110105
(5)	20110106
(6)	20110107
(7)	20110108
(8)	20110109
(9)	20110110
(10)	20110111
(11)	20110112
(12)	20110113
(13)	20110114
(14)	20110115
(15)	20110116
(16)	20110117
(17)	20110118
(18)	20110119
(19)	20110120
(20)	20110121
(21)	20110122
(22)	20110123
(23)	20110124
(24)	20110125
(25)	20110126
(26)	20110127
(27)	20110128
(28)	20110129
(29)	20110130
(30)	20110131

Variable: wxcre0300
Type: float
Total Size: 34283520 bytes
            8570880 values
Number of Dimensions: 4
Dimensions and sizes:	[ncl_join | 20] x [time | 31] x [lat | 96] x [lon | 144]
Coordinates: 
            time: [   1..  31]
            lat: [ -90..  90]
            lon: [   0..357.5]
Number Of Attributes: 3
  units :	m/s
  long_name :	Convective precipitation rate (liq + ice)
  cell_methods :	time: mean

Variable: wxcre0300
Type: float
Total Size: 34283520 bytes
            8570880 values
Number of Dimensions: 4
Dimensions and sizes:	[ncl_join | 20] x [time | 31] x [lat | 96] x [lon | 144]
Coordinates: 
            time: [   1..  31]
            lat: [ -90..  90]
            lon: [   0..357.5]
Number Of Attributes: 3
  units :	m/s
  long_name :	Convective precipitation rate (liq + ice)
  cell_methods :	time: mean


Variable: datestr
Type: integer
Total Size: 124 bytes
            31 values
Number of Dimensions: 1
Dimensions and sizes:	[31]
Coordinates: 
Number Of Attributes: 1
  calendar :	gregorian
(0)	20110101
(1)	20110102
(2)	20110103
(3)	20110104
(4)	20110105
(5)	20110106
(6)	20110107
(7)	20110108
(8)	20110109
(9)	20110110
(10)	20110111
(11)	20110112
(12)	20110113
(13)	20110114
(14)	20110115
(15)	20110116
(16)	20110117
(17)	20110118
(18)	20110119
(19)	20110120
(20)	20110121
(21)	20110122
(22)	20110123
(23)	20110124
(24)	20110125
(25)	20110126
(26)	20110127
(27)	20110128
(28)	20110129
(29)	20110130
(30)	20110131

Variable: wxcre0300
Type: float
Total Size: 34283520 bytes
            8570880 values
Number of Dimensions: 4
Dimensions and sizes:	[ncl_join | 20] x [time | 31] x [lat | 96] x [lon | 144]
Coordinates: 
            time: [   2..  32]
            lat: [ -90..  90]
            lon: [   0..357.5]
Number Of Attributes: 3
  units :	m/s
  long_name :	Convective precipitation rate (liq + ice)
  cell_methods :	time: mean

Variable: wxcre0300
Type: float
Total Size: 34283520 bytes
            8570880 values
Number of Dimensions: 4
Dimensions and sizes:	[ncl_join | 20] x [time | 31] x [lat | 96] x [lon | 144]
Coordinates: 
            time: [   2..  32]
            lat: [ -90..  90]
            lon: [   0..357.5]
Number Of Attributes: 3
  units :	m/s
  long_name :	Convective precipitation rate (liq + ice)
  cell_methods :	time: mean


Variable: datestr
Type: integer
Total Size: 124 bytes
            31 values
Number of Dimensions: 1
Dimensions and sizes:	[31]
Coordinates: 
Number Of Attributes: 1
  calendar :	gregorian
(0)	20110101
(1)	20110102
(2)	20110103
(3)	20110104
(4)	20110105
(5)	20110106
(6)	20110107
(7)	20110108
(8)	20110109
(9)	20110110
(10)	20110111
(11)	20110112
(12)	20110113
(13)	20110114
(14)	20110115
(15)	20110116
(16)	20110117
(17)	20110118
(18)	20110119
(19)	20110120
(20)	20110121
(21)	20110122
(22)	20110123
(23)	20110124
(24)	20110125
(25)	20110126
(26)	20110127
(27)	20110128
(28)	20110129
(29)	20110130
(30)	20110131

Variable: wxcre0300
Type: float
Total Size: 34283520 bytes
            8570880 values
Number of Dimensions: 4
Dimensions and sizes:	[ncl_join | 20] x [time | 31] x [lat | 96] x [lon | 144]
Coordinates: 
            time: [   3..  33]
            lat: [ -90..  90]
            lon: [   0..357.5]
Number Of Attributes: 3
  units :	m/s
  long_name :	Convective precipitation rate (liq + ice)
  cell_methods :	time: mean

Variable: wxcre0300
Type: float
Total Size: 34283520 bytes
            8570880 values
Number of Dimensions: 4
Dimensions and sizes:	[ncl_join | 20] x [time | 31] x [lat | 96] x [lon | 144]
Coordinates: 
            time: [   3..  33]
            lat: [ -90..  90]
            lon: [   0..357.5]
Number Of Attributes: 3
  units :	m/s
  long_name :	Convective precipitation rate (liq + ice)
  cell_methods :	time: mean


Variable: datestr
Type: integer
Total Size: 124 bytes
            31 values
Number of Dimensions: 1
Dimensions and sizes:	[31]
Coordinates: 
Number Of Attributes: 1
  calendar :	gregorian
(0)	20110101
(1)	20110102
(2)	20110103
(3)	20110104
(4)	20110105
(5)	20110106
(6)	20110107
(7)	20110108
(8)	20110109
(9)	20110110
(10)	20110111
(11)	20110112
(12)	20110113
(13)	20110114
(14)	20110115
(15)	20110116
(16)	20110117
(17)	20110118
(18)	20110119
(19)	20110120
(20)	20110121
(21)	20110122
(22)	20110123
(23)	20110124
(24)	20110125
(25)	20110126
(26)	20110127
(27)	20110128
(28)	20110129
(29)	20110130
(30)	20110131

Variable: wxcre0300
Type: float
Total Size: 34283520 bytes
            8570880 values
Number of Dimensions: 4
Dimensions and sizes:	[ncl_join | 20] x [time | 31] x [lat | 96] x [lon | 144]
Coordinates: 
            time: [   4..  34]
            lat: [ -90..  90]
            lon: [   0..357.5]
Number Of Attributes: 3
  units :	m/s
  long_name :	Convective precipitation rate (liq + ice)
  cell_methods :	time: mean

Variable: wxcre0300
Type: float
Total Size: 34283520 bytes
            8570880 values
Number of Dimensions: 4
Dimensions and sizes:	[ncl_join | 20] x [time | 31] x [lat | 96] x [lon | 144]
Coordinates: 
            time: [   4..  34]
            lat: [ -90..  90]
            lon: [   0..357.5]
Number Of Attributes: 3
  units :	m/s
  long_name :	Convective precipitation rate (liq + ice)
  cell_methods :	time: mean


Variable: datestr
Type: integer
Total Size: 124 bytes
            31 values
Number of Dimensions: 1
Dimensions and sizes:	[31]
Coordinates: 
Number Of Attributes: 1
  calendar :	gregorian
(0)	20110101
(1)	20110102
(2)	20110103
(3)	20110104
(4)	20110105
(5)	20110106
(6)	20110107
(7)	20110108
(8)	20110109
(9)	20110110
(10)	20110111
(11)	20110112
(12)	20110113
(13)	20110114
(14)	20110115
(15)	20110116
(16)	20110117
(17)	20110118
(18)	20110119
(19)	20110120
(20)	20110121
(21)	20110122
(22)	20110123
(23)	20110124
(24)	20110125
(25)	20110126
(26)	20110127
(27)	20110128
(28)	20110129
(29)	20110130
(30)	20110131

Variable: wxcre0300
Type: float
Total Size: 34283520 bytes
            8570880 values
Number of Dimensions: 4
Dimensions and sizes:	[ncl_join | 20] x [time | 31] x [lat | 96] x [lon | 144]
Coordinates: 
            time: [   5..  35]
            lat: [ -90..  90]
            lon: [   0..357.5]
Number Of Attributes: 3
  units :	m/s
  long_name :	Convective precipitation rate (liq + ice)
  cell_methods :	time: mean

Variable: wxcre0300
Type: float
Total Size: 34283520 bytes
            8570880 values
Number of Dimensions: 4
Dimensions and sizes:	[ncl_join | 20] x [time | 31] x [lat | 96] x [lon | 144]
Coordinates: 
            time: [   5..  35]
            lat: [ -90..  90]
            lon: [   0..357.5]
Number Of Attributes: 3
  units :	m/s
  long_name :	Convective precipitation rate (liq + ice)
  cell_methods :	time: mean


Variable: datestr
Type: integer
Total Size: 124 bytes
            31 values
Number of Dimensions: 1
Dimensions and sizes:	[31]
Coordinates: 
Number Of Attributes: 1
  calendar :	gregorian
(0)	20110101
(1)	20110102
(2)	20110103
(3)	20110104
(4)	20110105
(5)	20110106
(6)	20110107
(7)	20110108
(8)	20110109
(9)	20110110
(10)	20110111
(11)	20110112
(12)	20110113
(13)	20110114
(14)	20110115
(15)	20110116
(16)	20110117
(17)	20110118
(18)	20110119
(19)	20110120
(20)	20110121
(21)	20110122
(22)	20110123
(23)	20110124
(24)	20110125
(25)	20110126
(26)	20110127
(27)	20110128
(28)	20110129
(29)	20110130
(30)	20110131
(0,0)	4.34248 0 0
(0,1)	4.34248 0 0
(0,2)	4.34248 0 0
(0,3)	4.34248 0 0
(0,4)	4.34248 0 0
(1,0)	4.95129 4.74049 5.16209
(1,1)	4.95129 4.74049 5.16209
(1,2)	4.95129 4.74049 5.16209
(1,3)	4.95129 4.74049 5.16209
(1,4)	4.95129 4.74049 5.16209
(2,0)	3.66568 0 0
(2,1)	4.56688 0 0
(2,2)	4.67029 0 0
(2,3)	4.53399 0 0
(2,4)	4.58844 0 0
(3,0)	4.11821 4.09129 4.14513
(3,1)	4.33207 4.29674 4.3674
(3,2)	4.42531 4.38769 4.46292
(3,3)	4.46022 4.41757 4.50288
(3,4)	4.54555 4.49708 4.59401
input in flex scanner failed
