 Copyright (C) 1995-2019 - All Rights Reserved
 University Corporation for Atmospheric Research
 NCAR Command Language Version 6.6.2
 The use of this software is governed by a License Agreement.
 See http://www.ncl.ucar.edu/ for more details.


Variable: Filnam0
Type: string
Total Size: 8 bytes
            1 values
Number of Dimensions: 1
Dimensions and sizes:	[1]
Coordinates: 
(0)	era5_1.9x2.5L30_mean.2009-02.nc


Variable: Filnam1
Type: string
Total Size: 8 bytes
            1 values
Number of Dimensions: 1
Dimensions and sizes:	[1]
Coordinates: 
(0)	CNTL_ENS01_F20TRC5-AMIP_f19_g16_DT1800_ens01.cam.h0.2009-02.nc

Variable: rh1
Type: float
Total Size: 1658880 bytes
            414720 values
Number of Dimensions: 4
Dimensions and sizes:	[time | 1] x [lev | 30] x [lat | 96] x [lon | 144]
Coordinates: 
            time: [2.479166666666667..2.479166666666667]
            lev: [3.64346569404006..992.556095123291]
            lat: [ -90..  90]
            lon: [   0..357.5]
Number Of Attributes: 1
  _FillValue :	9.96921e+36

Variable: x11
Type: float
Total Size: 663552 bytes
            165888 values
Number of Dimensions: 4
Dimensions and sizes:	[time | 1] x [lev | 12] x [lat | 96] x [lon | 144]
Coordinates: 
            time: [2.479166666666667..2.4

Variable: Filnam0
Type: string
Total Size: 8 bytes
            1 values
Number of Dimensions: 1
Dimensions and sizes:	[1]
Coordinates: 
(0)	era5_1.9x2.5L30_mean.2009-02.nc


Variable: Filnam1
Type: string
Total Size: 8 bytes
            1 values
Number of Dimensions: 1
Dimensions and sizes:	[1]
Coordinates: 
(0)	NDGERA_ENS01_F20TRC5-AMIP_f19_g16_DT1800_ens01.cam.h0.2009-02.nc

Variable: x11
Type: float
Total

Variable: Filnam0
Type: string
Total Size: 8 bytes
            1 values
Number of Dimensions: 1
Dimensions and sizes:	[1]
Coordinates: 
(0)	era5_1.9x2.5L30_mean.2009-02.nc


Variable: Filnam1
Type: string
Total Size: 8 bytes
            1 values
Number of Dimensions: 1
Dimensions and sizes:	[1]
Coordinates: 
(0)	NDGERA_ENS01_F20TRC5-AMIP_f19_g16_DT1800_ens01.cam.h0.2009-02.nc

Variable: rh1
Type: float
Total Size: 1658880 bytes
            414720 values
Number of Dimensions: 4
Dimensions and sizes:	[time | 1] x [lev | 30] x [lat | 96] x [lon | 144]
Coordinates: 
            time: [2.479166666666667..2.

Variable: Filnam0
Type: string
Total Size: 8 bytes
            1 values
Number of Dimensions: 1
Dimensions and sizes:	[1]
Coordinates: 
(0)	era5_1.9x2.5L30_mean.2009-02.nc


Variable: Filnam1
Type: string
Total Size: 8 bytes
            1 values
Number of Dimensions: 1
Dimensions and sizes:	[1]
Coordinates: 
(0)	Mean_Hindcast_d0_f19_g16.cam.h0.2009-02.nc

Variable: x11
Type: float
Total Size: 663552 bytes
            165888 values
Number of Dimensions: 4
Dimensions and sizes:	[time | 1] x [lev | 12] x [lat | 96] x [lon | 144]
Coordinates: 
            time: [2.479166666666667..2.479166666666667]
            lev: [100..1000]
            lat: [ -90..  90]
            lon: [   0..357.5]
Number Of Attributes: 1
  _FillValue :	9.96921e+36
warning:ttest: encountered 1124 cases where s1 and/or s2 were less than 2. Outpu

Variable: Filnam0
Type: string
Total Size: 8 bytes
            1 values
Number of Dimensions: 1
Dimensions and sizes:	[1]
Coordinates: 
(0)	era5_1.9x2.5L30_mean.2009-02.nc




Variable: Filnam0
Type: string
Total Size: 8 bytes
            1 values
Number of Dimensions: 1
Dimensions and sizes:	[1]
Coordinates: 
(0)	era5_1.9x2.5L30_mean.2009-02.nc


Variable: Filnam1
Type: string
Total Size: 8 bytes
            1 values
Number of Dimensions: 1
Dimensions and sizes:	[1]
Coordinates: 
(0)	Mean_Hindcast_d0_f19_g16.cam.h0.2009-02.nc

Variable: x11
Type: float
Total Size: 663552 bytes
            165888 values
Number of Dimensions: 4
Dimensions and sizes:	[time | 1] x [lev | 12] x [lat | 96] x [lon | 144]
Coordinates: 
            time: [2.479166666666667..2.479166666666667]
            lev: [100..1000]
            lat: [ -90..  90]
            lon: [   0..357.5]
Number Of Attributes: 1
  _FillValue :	9.96921e+36
warning:ttest: encountered 1124 cases where s1 and/or s2 were less than 2. Output set to missing values in these cases
warning:ttest: encountered 1124 cases where var1 and/or var2 were less than or equal to 0. Output set to missing values in these cases


Variable: Filnam0
Type: string
Total Size: 8 bytes
            1 values
Number of Dimensions: 1
Dimensions and sizes:	[1]
Coordinates: 
(0)	era5_1.9x2.5L30_mean.2009-02.nc


Variable: Filnam1
Type: string
Total Size: 8 bytes
            1 values
Number of Dimensions: 1
Dimensions and sizes:	[1]
Coordinates: 
(0)	Mean_Hindcast_d0_f19_g16.cam.h0.2009-02.nc

Variable: x11
Type: float
Total Size: 663552 bytes
            165888 values
Number of Dimensions: 4
Dimensions and sizes:	[time | 1] x [lev | 12] x [lat | 96] x [lon | 144]
Coordinates: 
            time: [2.479166666666667..2.479166666666667]
            lev: [100..1000]
            lat: [ -90..  90]
            lon: [   0..357.5]
Number Of Attributes: 1
  _FillValue :	9.96921e+36
warning:ttest: encountered 1124 cases where s1 and/or s2 were less than 2. Output set to missing values in these cases
warning:ttest: encountered 1124 cases where var1 and/or var2 were less than or equal to 0. Output set to missing values in these cases
21e+36

Variable: x11
Type: float
Total Size: 663552 bytes
            165888 values
Number of Dimensions: 4
Dimensions and sizes:	[time | 1] x [lev | 12] x [lat | 96] x [lon | 144]
Coordinates: 
            time: [2.479166666666667..2.479166666666667]
            lev: [100..1000]
            lat: [ -90..  90]
            lon: [   0..357.5]
Number Of Attributes: 1
  _FillValue :	9.96921e+36
warning:ttest: encountered 1124 cases where s1 and/or s2 were less than 2. Output set to missing values in these cases
warning:ttest: encountered 1124 cases where var1 and/or var2 were less than or equal to 0. Output set to missing values in these cases


Variable: Filnam0
Type: string
Total Size: 8 bytes
            1 values
Number of Dimensions: 1
Dimensions and sizes:	[1]
Coordinates: 
(0)	era5_1.9x2.5L30_mean.2009-02.nc


Variable: Filnam1
Type: string
Total Size: 8 bytes
            1 values
Number of Dimensions: 1
Dimensions and sizes:	[1]
Coordinates: 
(0)	Mean_Hindcast_d0_f19_g16.cam.h0.2009-02.nc

Variable: rh1
Type: float
Total Size: 1658880 bytes
            414720 values
Number of Dimensions: 4
Dimensions and sizes:	[time | 1] x [lev | 30] x [lat | 96] x [lon | 144]
Coordinates: 
            time: [2.479166666666667..2.479166666666667]
            lev: [3.64346569404006..992.556095123291]
            lat: [ -90..  90]
            lon: [   0..357.5]
Number Of Attributes: 1
  _FillValue :	9.96921e+36

Variable: x11
Type: float
Total Size: 663552 bytes
            165888 values
Number of Dimensions: 4
Dimensions and sizes:	[time | 1] x [lev | 12] x [lat | 96] x [lon | 144]
Coordinates: 
            time: [2.479166666666667..2.479166666666667]
            lev: [100..1000]
            lat: [ -90..  90]
            lon: [   0..357.5]
Number Of Attributes: 1
  _FillValue :	9.96921e+36
warning:ttest: encountered 1124 cases where s1 and/or s2 were less than 2. Output set to missing values in these cases
warning:ttest: encountered 1124 cases where var1 and/or var2 were less than or equal to 0. Output set to missing values in these cases
