nohup: ignoring input
input in flex scanner failed
 Copyright (C) 1995-2019 - All Rights Reserved
 University Corporation for Atmospheric Research
 NCAR Command Language Version 6.6.2
 The use of this software is governed by a License Agreement.
 See http://www.ncl.ucar.edu/ for more details.
(0)	observational file :obs_pres_2011-01-01_00.nc
(0)	observational file :obs_pres_2011-01-01_06.nc
(0)	observational file :obs_pres_2011-01-01_12.nc
(0)	observational file :obs_pres_2011-01-01_18.nc
(0)	observational file :obs_pres_2011-01-02_00.nc
(0)	observational file :obs_pres_2011-01-02_06.nc
(0)	observational file :obs_pres_2011-01-02_12.nc
(0)	observational file :obs_pres_2011-01-02_18.nc
(0)	observational file :obs_pres_2011-01-03_00.nc
(0)	observational file :obs_pres_2011-01-03_06.nc
(0)	observational file :obs_pres_2011-01-03_12.nc
(0)	observational file :obs_pres_2011-01-03_18.nc
(0)	observational file :obs_pres_2011-01-04_00.nc
(0)	observational file :obs_pres_2011-01-04_06.nc
(0)	observational file :obs_pres_2011-01-04_12.nc
(0)	observational file :obs_pres_2011-01-04_18.nc
(0)	observational file :obs_pres_2011-01-05_00.nc
(0)	observational file :obs_pres_2011-01-05_06.nc
(0)	observational file :obs_pres_2011-01-05_12.nc
(0)	observational file :obs_pres_2011-01-05_18.nc
(0)	observational file :obs_pres_2011-01-06_00.nc
(0)	observational file :obs_pres_2011-01-06_06.nc
(0)	observational file :obs_pres_2011-01-06_12.nc
(0)	observational file :obs_pres_2011-01-06_18.nc
(0)	observational file :obs_pres_2011-01-07_00.nc
(0)	observational file :obs_pres_2011-01-07_06.nc
(0)	observational file :obs_pres_2011-01-07_12.nc
(0)	observational file :obs_pres_2011-01-07_18.nc
(0)	observational file :obs_pres_2011-01-08_00.nc
(0)	observational file :obs_pres_2011-01-08_06.nc
(0)	observational file :obs_pres_2011-01-08_12.nc
(0)	observational file :obs_pres_2011-01-08_18.nc
(0)	observational file :obs_pres_2011-01-09_00.nc
(0)	observational file :obs_pres_2011-01-09_06.nc
(0)	observational file :obs_pres_2011-01-09_12.nc
(0)	observational file :obs_pres_2011-01-09_18.nc
(0)	observational file :obs_pres_2011-01-10_00.nc
(0)	observational file :obs_pres_2011-01-10_06.nc
(0)	observational file :obs_pres_2011-01-10_12.nc
(0)	observational file :obs_pres_2011-01-10_18.nc
(0)	observational file :obs_pres_2011-01-11_00.nc
(0)	observational file :obs_pres_2011-01-11_06.nc
(0)	observational file :obs_pres_2011-01-11_12.nc
(0)	observational file :obs_pres_2011-01-11_18.nc
(0)	observational file :obs_pres_2011-01-12_00.nc
(0)	observational file :obs_pres_2011-01-12_06.nc
(0)	observational file :obs_pres_2011-01-12_12.nc
(0)	observational file :obs_pres_2011-01-12_18.nc
(0)	observational file :obs_pres_2011-01-13_00.nc
(0)	observational file :obs_pres_2011-01-13_06.nc
(0)	observational file :obs_pres_2011-01-13_12.nc
(0)	observational file :obs_pres_2011-01-13_18.nc
(0)	observational file :obs_pres_2011-01-14_00.nc
(0)	observational file :obs_pres_2011-01-14_06.nc
(0)	observational file :obs_pres_2011-01-14_12.nc
(0)	observational file :obs_pres_2011-01-14_18.nc
(0)	observational file :obs_pres_2011-01-15_00.nc
(0)	observational file :obs_pres_2011-01-15_06.nc
(0)	observational file :obs_pres_2011-01-15_12.nc
(0)	observational file :obs_pres_2011-01-15_18.nc
(0)	observational file :obs_pres_2011-01-16_00.nc
(0)	observational file :obs_pres_2011-01-16_06.nc
(0)	observational file :obs_pres_2011-01-16_12.nc
(0)	observational file :obs_pres_2011-01-16_18.nc
(0)	observational file :obs_pres_2011-01-17_00.nc
(0)	observational file :obs_pres_2011-01-17_06.nc
(0)	observational file :obs_pres_2011-01-17_12.nc
(0)	observational file :obs_pres_2011-01-17_18.nc
(0)	observational file :obs_pres_2011-01-18_00.nc
(0)	observational file :obs_pres_2011-01-18_06.nc
(0)	observational file :obs_pres_2011-01-18_12.nc
(0)	observational file :obs_pres_2011-01-18_18.nc
(0)	observational file :obs_pres_2011-01-19_00.nc
(0)	observational file :obs_pres_2011-01-19_06.nc
(0)	observational file :obs_pres_2011-01-19_12.nc
(0)	observational file :obs_pres_2011-01-19_18.nc
(0)	observational file :obs_pres_2011-01-20_00.nc
(0)	observational file :obs_pres_2011-01-20_06.nc
(0)	observational file :obs_pres_2011-01-20_12.nc
(0)	observational file :obs_pres_2011-01-20_18.nc
(0)	observational file :obs_pres_2011-01-21_00.nc
(0)	observational file :obs_pres_2011-01-21_06.nc
(0)	observational file :obs_pres_2011-01-21_12.nc
(0)	observational file :obs_pres_2011-01-21_18.nc
(0)	observational file :obs_pres_2011-01-22_00.nc
(0)	observational file :obs_pres_2011-01-22_06.nc
(0)	observational file :obs_pres_2011-01-22_12.nc
(0)	observational file :obs_pres_2011-01-22_18.nc
(0)	observational file :obs_pres_2011-01-23_00.nc
(0)	observational file :obs_pres_2011-01-23_06.nc
(0)	observational file :obs_pres_2011-01-23_12.nc
(0)	observational file :obs_pres_2011-01-23_18.nc
(0)	observational file :obs_pres_2011-01-24_00.nc
(0)	observational file :obs_pres_2011-01-24_06.nc
(0)	observational file :obs_pres_2011-01-24_12.nc
(0)	observational file :obs_pres_2011-01-24_18.nc
(0)	observational file :obs_pres_2011-01-25_00.nc
(0)	observational file :obs_pres_2011-01-25_06.nc
(0)	observational file :obs_pres_2011-01-25_12.nc
(0)	observational file :obs_pres_2011-01-25_18.nc
(0)	observational file :obs_pres_2011-01-26_00.nc
(0)	observational file :obs_pres_2011-01-26_06.nc
(0)	observational file :obs_pres_2011-01-26_12.nc
(0)	observational file :obs_pres_2011-01-26_18.nc
(0)	observational file :obs_pres_2011-01-27_00.nc
(0)	observational file :obs_pres_2011-01-27_06.nc
(0)	observational file :obs_pres_2011-01-27_12.nc
(0)	observational file :obs_pres_2011-01-27_18.nc
(0)	observational file :obs_pres_2011-01-28_00.nc
(0)	observational file :obs_pres_2011-01-28_06.nc
(0)	observational file :obs_pres_2011-01-28_12.nc
(0)	observational file :obs_pres_2011-01-28_18.nc
(0)	observational file :obs_pres_2011-01-29_00.nc
(0)	observational file :obs_pres_2011-01-29_06.nc
(0)	observational file :obs_pres_2011-01-29_12.nc
(0)	observational file :obs_pres_2011-01-29_18.nc
(0)	observational file :obs_pres_2011-01-30_00.nc
(0)	observational file :obs_pres_2011-01-30_06.nc
(0)	observational file :obs_pres_2011-01-30_12.nc
(0)	observational file :obs_pres_2011-01-30_18.nc
(0)	observational file :obs_pres_2011-01-31_00.nc
(0)	observational file :obs_pres_2011-01-31_06.nc
(0)	observational file :obs_pres_2011-01-31_12.nc
(0)	observational file :obs_pres_2011-01-31_18.nc
(0)	observational file :obs_pres_2011-01-01_00.nc
(0)	observational file :obs_pres_2011-01-01_06.nc
(0)	observational file :obs_pres_2011-01-01_12.nc
(0)	observational file :obs_pres_2011-01-01_18.nc
(0)	observational file :obs_pres_2011-01-02_00.nc
(0)	observational file :obs_pres_2011-01-02_06.nc
(0)	observational file :obs_pres_2011-01-02_12.nc
(0)	observational file :obs_pres_2011-01-02_18.nc
(0)	observational file :obs_pres_2011-01-03_00.nc
(0)	observational file :obs_pres_2011-01-03_06.nc
(0)	observational file :obs_pres_2011-01-03_12.nc
(0)	observational file :obs_pres_2011-01-03_18.nc
(0)	observational file :obs_pres_2011-01-04_00.nc
(0)	observational file :obs_pres_2011-01-04_06.nc
(0)	observational file :obs_pres_2011-01-04_12.nc
(0)	observational file :obs_pres_2011-01-04_18.nc
(0)	observational file :obs_pres_2011-01-05_00.nc
(0)	observational file :obs_pres_2011-01-05_06.nc
(0)	observational file :obs_pres_2011-01-05_12.nc
(0)	observational file :obs_pres_2011-01-05_18.nc
(0)	observational file :obs_pres_2011-01-06_00.nc
(0)	observational file :obs_pres_2011-01-06_06.nc
(0)	observational file :obs_pres_2011-01-06_12.nc
(0)	observational file :obs_pres_2011-01-06_18.nc
(0)	observational file :obs_pres_2011-01-07_00.nc
(0)	observational file :obs_pres_2011-01-07_06.nc
(0)	observational file :obs_pres_2011-01-07_12.nc
(0)	observational file :obs_pres_2011-01-07_18.nc
(0)	observational file :obs_pres_2011-01-08_00.nc
(0)	observational file :obs_pres_2011-01-08_06.nc
(0)	observational file :obs_pres_2011-01-08_12.nc
(0)	observational file :obs_pres_2011-01-08_18.nc
(0)	observational file :obs_pres_2011-01-09_00.nc
(0)	observational file :obs_pres_2011-01-09_06.nc
(0)	observational file :obs_pres_2011-01-09_12.nc
(0)	observational file :obs_pres_2011-01-09_18.nc
(0)	observational file :obs_pres_2011-01-10_00.nc
(0)	observational file :obs_pres_2011-01-10_06.nc
(0)	observational file :obs_pres_2011-01-10_12.nc
(0)	observational file :obs_pres_2011-01-10_18.nc
(0)	observational file :obs_pres_2011-01-11_00.nc
(0)	observational file :obs_pres_2011-01-11_06.nc
(0)	observational file :obs_pres_2011-01-11_12.nc
(0)	observational file :obs_pres_2011-01-11_18.nc
(0)	observational file :obs_pres_2011-01-12_00.nc
(0)	observational file :obs_pres_2011-01-12_06.nc
(0)	observational file :obs_pres_2011-01-12_12.nc
(0)	observational file :obs_pres_2011-01-12_18.nc
(0)	observational file :obs_pres_2011-01-13_00.nc
(0)	observational file :obs_pres_2011-01-13_06.nc
(0)	observational file :obs_pres_2011-01-13_12.nc
(0)	observational file :obs_pres_2011-01-13_18.nc
(0)	observational file :obs_pres_2011-01-14_00.nc
(0)	observational file :obs_pres_2011-01-14_06.nc
(0)	observational file :obs_pres_2011-01-14_12.nc
(0)	observational file :obs_pres_2011-01-14_18.nc
(0)	observational file :obs_pres_2011-01-15_00.nc
(0)	observational file :obs_pres_2011-01-15_06.nc
(0)	observational file :obs_pres_2011-01-15_12.nc
(0)	observational file :obs_pres_2011-01-15_18.nc
(0)	observational file :obs_pres_2011-01-16_00.nc
(0)	observational file :obs_pres_2011-01-16_06.nc
(0)	observational file :obs_pres_2011-01-16_12.nc
(0)	observational file :obs_pres_2011-01-16_18.nc
(0)	observational file :obs_pres_2011-01-17_00.nc
(0)	observational file :obs_pres_2011-01-17_06.nc
(0)	observational file :obs_pres_2011-01-17_12.nc
(0)	observational file :obs_pres_2011-01-17_18.nc
(0)	observational file :obs_pres_2011-01-18_00.nc
(0)	observational file :obs_pres_2011-01-18_06.nc
(0)	observational file :obs_pres_2011-01-18_12.nc
(0)	observational file :obs_pres_2011-01-18_18.nc
(0)	observational file :obs_pres_2011-01-19_00.nc
(0)	observational file :obs_pres_2011-01-19_06.nc
(0)	observational file :obs_pres_2011-01-19_12.nc
(0)	observational file :obs_pres_2011-01-19_18.nc
(0)	observational file :obs_pres_2011-01-20_00.nc
(0)	observational file :obs_pres_2011-01-20_06.nc
(0)	observational file :obs_pres_2011-01-20_12.nc
(0)	observational file :obs_pres_2011-01-20_18.nc
(0)	observational file :obs_pres_2011-01-21_00.nc
(0)	observational file :obs_pres_2011-01-21_06.nc
(0)	observational file :obs_pres_2011-01-21_12.nc
(0)	observational file :obs_pres_2011-01-21_18.nc
(0)	observational file :obs_pres_2011-01-22_00.nc
(0)	observational file :obs_pres_2011-01-22_06.nc
(0)	observational file :obs_pres_2011-01-22_12.nc
(0)	observational file :obs_pres_2011-01-22_18.nc
(0)	observational file :obs_pres_2011-01-23_00.nc
(0)	observational file :obs_pres_2011-01-23_06.nc
(0)	observational file :obs_pres_2011-01-23_12.nc
(0)	observational file :obs_pres_2011-01-23_18.nc
(0)	observational file :obs_pres_2011-01-24_00.nc
(0)	observational file :obs_pres_2011-01-24_06.nc
(0)	observational file :obs_pres_2011-01-24_12.nc
(0)	observational file :obs_pres_2011-01-24_18.nc
(0)	observational file :obs_pres_2011-01-25_00.nc
(0)	observational file :obs_pres_2011-01-25_06.nc
(0)	observational file :obs_pres_2011-01-25_12.nc
(0)	observational file :obs_pres_2011-01-25_18.nc
(0)	observational file :obs_pres_2011-01-26_00.nc
(0)	observational file :obs_pres_2011-01-26_06.nc
(0)	observational file :obs_pres_2011-01-26_12.nc
(0)	observational file :obs_pres_2011-01-26_18.nc
(0)	observational file :obs_pres_2011-01-27_00.nc
(0)	observational file :obs_pres_2011-01-27_06.nc
(0)	observational file :obs_pres_2011-01-27_12.nc
(0)	observational file :obs_pres_2011-01-27_18.nc
(0)	observational file :obs_pres_2011-01-28_00.nc
(0)	observational file :obs_pres_2011-01-28_06.nc
(0)	observational file :obs_pres_2011-01-28_12.nc
(0)	observational file :obs_pres_2011-01-28_18.nc
(0)	observational file :obs_pres_2011-01-29_00.nc
(0)	observational file :obs_pres_2011-01-29_06.nc
(0)	observational file :obs_pres_2011-01-29_12.nc
(0)	observational file :obs_pres_2011-01-29_18.nc
(0)	observational file :obs_pres_2011-01-30_00.nc
(0)	observational file :obs_pres_2011-01-30_06.nc
(0)	observational file :obs_pres_2011-01-30_12.nc
(0)	observational file :obs_pres_2011-01-30_18.nc
(0)	observational file :obs_pres_2011-01-31_00.nc
(0)	observational file :obs_pres_2011-01-31_06.nc
(0)	observational file :obs_pres_2011-01-31_12.nc
(0)	observational file :obs_pres_2011-01-31_18.nc
(0)	observational file :obs_pres_2011-01-01_00.nc
(0)	observational file :obs_pres_2011-01-01_06.nc
(0)	observational file :obs_pres_2011-01-01_12.nc
(0)	observational file :obs_pres_2011-01-01_18.nc
(0)	observational file :obs_pres_2011-01-02_00.nc
(0)	observational file :obs_pres_2011-01-02_06.nc
(0)	observational file :obs_pres_2011-01-02_12.nc
(0)	observational file :obs_pres_2011-01-02_18.nc
(0)	observational file :obs_pres_2011-01-03_00.nc
(0)	observational file :obs_pres_2011-01-03_06.nc
(0)	observational file :obs_pres_2011-01-03_12.nc
(0)	observational file :obs_pres_2011-01-03_18.nc
(0)	observational file :obs_pres_2011-01-04_00.nc
(0)	observational file :obs_pres_2011-01-04_06.nc
(0)	observational file :obs_pres_2011-01-04_12.nc
(0)	observational file :obs_pres_2011-01-04_18.nc
(0)	observational file :obs_pres_2011-01-05_00.nc
(0)	observational file :obs_pres_2011-01-05_06.nc
(0)	observational file :obs_pres_2011-01-05_12.nc
(0)	observational file :obs_pres_2011-01-05_18.nc
(0)	observational file :obs_pres_2011-01-06_00.nc
(0)	observational file :obs_pres_2011-01-06_06.nc
(0)	observational file :obs_pres_2011-01-06_12.nc
(0)	observational file :obs_pres_2011-01-06_18.nc
(0)	observational file :obs_pres_2011-01-07_00.nc
(0)	observational file :obs_pres_2011-01-07_06.nc
(0)	observational file :obs_pres_2011-01-07_12.nc
(0)	observational file :obs_pres_2011-01-07_18.nc
(0)	observational file :obs_pres_2011-01-08_00.nc
(0)	observational file :obs_pres_2011-01-08_06.nc
(0)	observational file :obs_pres_2011-01-08_12.nc
(0)	observational file :obs_pres_2011-01-08_18.nc
(0)	observational file :obs_pres_2011-01-09_00.nc
(0)	observational file :obs_pres_2011-01-09_06.nc
(0)	observational file :obs_pres_2011-01-09_12.nc
(0)	observational file :obs_pres_2011-01-09_18.nc
(0)	observational file :obs_pres_2011-01-10_00.nc
(0)	observational file :obs_pres_2011-01-10_06.nc
(0)	observational file :obs_pres_2011-01-10_12.nc
(0)	observational file :obs_pres_2011-01-10_18.nc
(0)	observational file :obs_pres_2011-01-11_00.nc
(0)	observational file :obs_pres_2011-01-11_06.nc
(0)	observational file :obs_pres_2011-01-11_12.nc
(0)	observational file :obs_pres_2011-01-11_18.nc
(0)	observational file :obs_pres_2011-01-12_00.nc
(0)	observational file :obs_pres_2011-01-12_06.nc
(0)	observational file :obs_pres_2011-01-12_12.nc
(0)	observational file :obs_pres_2011-01-12_18.nc
(0)	observational file :obs_pres_2011-01-13_00.nc
(0)	observational file :obs_pres_2011-01-13_06.nc
(0)	observational file :obs_pres_2011-01-13_12.nc
(0)	observational file :obs_pres_2011-01-13_18.nc
(0)	observational file :obs_pres_2011-01-14_00.nc
(0)	observational file :obs_pres_2011-01-14_06.nc
(0)	observational file :obs_pres_2011-01-14_12.nc
(0)	observational file :obs_pres_2011-01-14_18.nc
(0)	observational file :obs_pres_2011-01-15_00.nc
(0)	observational file :obs_pres_2011-01-15_06.nc
(0)	observational file :obs_pres_2011-01-15_12.nc
(0)	observational file :obs_pres_2011-01-15_18.nc
(0)	observational file :obs_pres_2011-01-16_00.nc
(0)	observational file :obs_pres_2011-01-16_06.nc
(0)	observational file :obs_pres_2011-01-16_12.nc
(0)	observational file :obs_pres_2011-01-16_18.nc
(0)	observational file :obs_pres_2011-01-17_00.nc
(0)	observational file :obs_pres_2011-01-17_06.nc
(0)	observational file :obs_pres_2011-01-17_12.nc
(0)	observational file :obs_pres_2011-01-17_18.nc
(0)	observational file :obs_pres_2011-01-18_00.nc
(0)	observational file :obs_pres_2011-01-18_06.nc
(0)	observational file :obs_pres_2011-01-18_12.nc
(0)	observational file :obs_pres_2011-01-18_18.nc
(0)	observational file :obs_pres_2011-01-19_00.nc
(0)	observational file :obs_pres_2011-01-19_06.nc
(0)	observational file :obs_pres_2011-01-19_12.nc
(0)	observational file :obs_pres_2011-01-19_18.nc
(0)	observational file :obs_pres_2011-01-20_00.nc
(0)	observational file :obs_pres_2011-01-20_06.nc
(0)	observational file :obs_pres_2011-01-20_12.nc
(0)	observational file :obs_pres_2011-01-20_18.nc
(0)	observational file :obs_pres_2011-01-21_00.nc
(0)	observational file :obs_pres_2011-01-21_06.nc
(0)	observational file :obs_pres_2011-01-21_12.nc
(0)	observational file :obs_pres_2011-01-21_18.nc
(0)	observational file :obs_pres_2011-01-22_00.nc
(0)	observational file :obs_pres_2011-01-22_06.nc
(0)	observational file :obs_pres_2011-01-22_12.nc
(0)	observational file :obs_pres_2011-01-22_18.nc
(0)	observational file :obs_pres_2011-01-23_00.nc
(0)	observational file :obs_pres_2011-01-23_06.nc
(0)	observational file :obs_pres_2011-01-23_12.nc
(0)	observational file :obs_pres_2011-01-23_18.nc
(0)	observational file :obs_pres_2011-01-24_00.nc
(0)	observational file :obs_pres_2011-01-24_06.nc
(0)	observational file :obs_pres_2011-01-24_12.nc
(0)	observational file :obs_pres_2011-01-24_18.nc
(0)	observational file :obs_pres_2011-01-25_00.nc
(0)	observational file :obs_pres_2011-01-25_06.nc
(0)	observational file :obs_pres_2011-01-25_12.nc
(0)	observational file :obs_pres_2011-01-25_18.nc
(0)	observational file :obs_pres_2011-01-26_00.nc
(0)	observational file :obs_pres_2011-01-26_06.nc
(0)	observational file :obs_pres_2011-01-26_12.nc
(0)	observational file :obs_pres_2011-01-26_18.nc
(0)	observational file :obs_pres_2011-01-27_00.nc
(0)	observational file :obs_pres_2011-01-27_06.nc
(0)	observational file :obs_pres_2011-01-27_12.nc
(0)	observational file :obs_pres_2011-01-27_18.nc
(0)	observational file :obs_pres_2011-01-28_00.nc
(0)	observational file :obs_pres_2011-01-28_06.nc
(0)	observational file :obs_pres_2011-01-28_12.nc
(0)	observational file :obs_pres_2011-01-28_18.nc
(0)	observational file :obs_pres_2011-01-29_00.nc
(0)	observational file :obs_pres_2011-01-29_06.nc
(0)	observational file :obs_pres_2011-01-29_12.nc
(0)	observational file :obs_pres_2011-01-29_18.nc
(0)	observational file :obs_pres_2011-01-30_00.nc
(0)	observational file :obs_pres_2011-01-30_06.nc
(0)	observational file :obs_pres_2011-01-30_12.nc
(0)	observational file :obs_pres_2011-01-30_18.nc
(0)	observational file :obs_pres_2011-01-31_00.nc
(0)	observational file :obs_pres_2011-01-31_06.nc
(0)	observational file :obs_pres_2011-01-31_12.nc
(0)	observational file :obs_pres_2011-01-31_18.nc
(0)	observational file :obs_pres_2011-01-01_00.nc
(0)	observational file :obs_pres_2011-01-01_06.nc
(0)	observational file :obs_pres_2011-01-01_12.nc
(0)	observational file :obs_pres_2011-01-01_18.nc
(0)	observational file :obs_pres_2011-01-02_00.nc
(0)	observational file :obs_pres_2011-01-02_06.nc
(0)	observational file :obs_pres_2011-01-02_12.nc
(0)	observational file :obs_pres_2011-01-02_18.nc
(0)	observational file :obs_pres_2011-01-03_00.nc
(0)	observational file :obs_pres_2011-01-03_06.nc
(0)	observational file :obs_pres_2011-01-03_12.nc
(0)	observational file :obs_pres_2011-01-03_18.nc
(0)	observational file :obs_pres_2011-01-04_00.nc
(0)	observational file :obs_pres_2011-01-04_06.nc
(0)	observational file :obs_pres_2011-01-04_12.nc
(0)	observational file :obs_pres_2011-01-04_18.nc
(0)	observational file :obs_pres_2011-01-05_00.nc
(0)	observational file :obs_pres_2011-01-05_06.nc
(0)	observational file :obs_pres_2011-01-05_12.nc
(0)	observational file :obs_pres_2011-01-05_18.nc
(0)	observational file :obs_pres_2011-01-06_00.nc
(0)	observational file :obs_pres_2011-01-06_06.nc
(0)	observational file :obs_pres_2011-01-06_12.nc
(0)	observational file :obs_pres_2011-01-06_18.nc
(0)	observational file :obs_pres_2011-01-07_00.nc
(0)	observational file :obs_pres_2011-01-07_06.nc
(0)	observational file :obs_pres_2011-01-07_12.nc
(0)	observational file :obs_pres_2011-01-07_18.nc
(0)	observational file :obs_pres_2011-01-08_00.nc
(0)	observational file :obs_pres_2011-01-08_06.nc
(0)	observational file :obs_pres_2011-01-08_12.nc
(0)	observational file :obs_pres_2011-01-08_18.nc
(0)	observational file :obs_pres_2011-01-09_00.nc
(0)	observational file :obs_pres_2011-01-09_06.nc
(0)	observational file :obs_pres_2011-01-09_12.nc
(0)	observational file :obs_pres_2011-01-09_18.nc
(0)	observational file :obs_pres_2011-01-10_00.nc
(0)	observational file :obs_pres_2011-01-10_06.nc
(0)	observational file :obs_pres_2011-01-10_12.nc
(0)	observational file :obs_pres_2011-01-10_18.nc
(0)	observational file :obs_pres_2011-01-11_00.nc
(0)	observational file :obs_pres_2011-01-11_06.nc
(0)	observational file :obs_pres_2011-01-11_12.nc
(0)	observational file :obs_pres_2011-01-11_18.nc
(0)	observational file :obs_pres_2011-01-12_00.nc
(0)	observational file :obs_pres_2011-01-12_06.nc
(0)	observational file :obs_pres_2011-01-12_12.nc
(0)	observational file :obs_pres_2011-01-12_18.nc
(0)	observational file :obs_pres_2011-01-13_00.nc
(0)	observational file :obs_pres_2011-01-13_06.nc
(0)	observational file :obs_pres_2011-01-13_12.nc
(0)	observational file :obs_pres_2011-01-13_18.nc
(0)	observational file :obs_pres_2011-01-14_00.nc
(0)	observational file :obs_pres_2011-01-14_06.nc
(0)	observational file :obs_pres_2011-01-14_12.nc
(0)	observational file :obs_pres_2011-01-14_18.nc
(0)	observational file :obs_pres_2011-01-15_00.nc
(0)	observational file :obs_pres_2011-01-15_06.nc
(0)	observational file :obs_pres_2011-01-15_12.nc
(0)	observational file :obs_pres_2011-01-15_18.nc
(0)	observational file :obs_pres_2011-01-16_00.nc
(0)	observational file :obs_pres_2011-01-16_06.nc
(0)	observational file :obs_pres_2011-01-16_12.nc
(0)	observational file :obs_pres_2011-01-16_18.nc
(0)	observational file :obs_pres_2011-01-17_00.nc
(0)	observational file :obs_pres_2011-01-17_06.nc
(0)	observational file :obs_pres_2011-01-17_12.nc
(0)	observational file :obs_pres_2011-01-17_18.nc
(0)	observational file :obs_pres_2011-01-18_00.nc
(0)	observational file :obs_pres_2011-01-18_06.nc
(0)	observational file :obs_pres_2011-01-18_12.nc
(0)	observational file :obs_pres_2011-01-18_18.nc
(0)	observational file :obs_pres_2011-01-19_00.nc
(0)	observational file :obs_pres_2011-01-19_06.nc
(0)	observational file :obs_pres_2011-01-19_12.nc
(0)	observational file :obs_pres_2011-01-19_18.nc
(0)	observational file :obs_pres_2011-01-20_00.nc
(0)	observational file :obs_pres_2011-01-20_06.nc
(0)	observational file :obs_pres_2011-01-20_12.nc
(0)	observational file :obs_pres_2011-01-20_18.nc
(0)	observational file :obs_pres_2011-01-21_00.nc
(0)	observational file :obs_pres_2011-01-21_06.nc
(0)	observational file :obs_pres_2011-01-21_12.nc
(0)	observational file :obs_pres_2011-01-21_18.nc
(0)	observational file :obs_pres_2011-01-22_00.nc
(0)	observational file :obs_pres_2011-01-22_06.nc
(0)	observational file :obs_pres_2011-01-22_12.nc
(0)	observational file :obs_pres_2011-01-22_18.nc
(0)	observational file :obs_pres_2011-01-23_00.nc
(0)	observational file :obs_pres_2011-01-23_06.nc
(0)	observational file :obs_pres_2011-01-23_12.nc
(0)	observational file :obs_pres_2011-01-23_18.nc
(0)	observational file :obs_pres_2011-01-24_00.nc
(0)	observational file :obs_pres_2011-01-24_06.nc
(0)	observational file :obs_pres_2011-01-24_12.nc
(0)	observational file :obs_pres_2011-01-24_18.nc
(0)	observational file :obs_pres_2011-01-25_00.nc
(0)	observational file :obs_pres_2011-01-25_06.nc
(0)	observational file :obs_pres_2011-01-25_12.nc
(0)	observational file :obs_pres_2011-01-25_18.nc
(0)	observational file :obs_pres_2011-01-26_00.nc
(0)	observational file :obs_pres_2011-01-26_06.nc
(0)	observational file :obs_pres_2011-01-26_12.nc
(0)	observational file :obs_pres_2011-01-26_18.nc
(0)	observational file :obs_pres_2011-01-27_00.nc
(0)	observational file :obs_pres_2011-01-27_06.nc
(0)	observational file :obs_pres_2011-01-27_12.nc
(0)	observational file :obs_pres_2011-01-27_18.nc
(0)	observational file :obs_pres_2011-01-28_00.nc
(0)	observational file :obs_pres_2011-01-28_06.nc
(0)	observational file :obs_pres_2011-01-28_12.nc
(0)	observational file :obs_pres_2011-01-28_18.nc
(0)	observational file :obs_pres_2011-01-29_00.nc
(0)	observational file :obs_pres_2011-01-29_06.nc
(0)	observational file :obs_pres_2011-01-29_12.nc
(0)	observational file :obs_pres_2011-01-29_18.nc
(0)	observational file :obs_pres_2011-01-30_00.nc
(0)	observational file :obs_pres_2011-01-30_06.nc
(0)	observational file :obs_pres_2011-01-30_12.nc
(0)	observational file :obs_pres_2011-01-30_18.nc
(0)	observational file :obs_pres_2011-01-31_00.nc
(0)	observational file :obs_pres_2011-01-31_06.nc
(0)	observational file :obs_pres_2011-01-31_12.nc
(0)	observational file :obs_pres_2011-01-31_18.nc
